<?xml version="1.0" encoding="UTF-8"?>
<testsuite xmlns:xsi="http://www.w3.org/2001/XMLSchema-instance" xsi:noNamespaceSchemaLocation="https://maven.apache.org/surefire/maven-surefire-plugin/xsd/surefire-test-report-3.0.xsd" version="3.0" name="nbatools.TestPastGames" time="32.002" tests="2" errors="0" skipped="0" failures="0">
  <properties>
[...]
</properties>
  <testcase name="testStatCollector" classname="nbatools.TestPastGames" time="31.988">
    <system-out><![CDATA[Player game rows and game row for game 0022300541 have been set
{
  "actions": [
    {
      "period": 1,
      "side": null,
      "orderNumber": 20000,
      "yLegacy": null,
      "isFieldGoal": 0,
      "edited": "2024-01-13T01:10:20Z",
      "isTargetScoreLastPeriod": false,
      "possession": 0,
      "qualifiers": [],
      "description": "Period Start",
      "clock": "PT12M00.00S",
      "personIdsFilter": [],
      "actionType": "period",
      "scoreHome": "0",
      "periodType": "REGULAR",
      "actionNumber": 2,
      "x": null,
      "timeActual": "2024-01-13T01:10:20.2Z",
      "y": null,
      "subType": "start",
      "personId": 0,
      "xLegacy": null,
      "scoreAway": "0"
    },
    {
      "playerNameI": "J. Sochan",
      "orderNumber": 40000,
      "isFieldGoal": 0,
      "jumpBallRecoverdPersonId": 1631110,
      "possession": 1610612759,
      "teamTricode": "SAS",
      "description": "Jump Ball V. Wembanyama vs. N. Richards: Tip to J. Sochan",
      "descriptor": "startperiod",
      "personIdsFilter": [
        1631110,
        1641705,
        1630208
      ],
      "jumpBallLostPersonId": 1630208,
      "jumpBallWonPersonId": 1641705,
      "timeActual": "2024-01-13T01:10:21.9Z",
      "jumpBallWonPlayerName": "Wembanyama",
      "period": 1,
      "side": null,
      "jumpBallLostPlayerName": "Richards",
      "yLegacy": null,
      "edited": "2024-01-13T01:10:22Z",
      "playerName": "Sochan",
      "isTargetScoreLastPeriod": false,
      "qualifiers": [],
      "clock": "PT11M58.00S",
      "actionType": "jumpball",
      "scoreHome": "0",
      "periodType": "REGULAR",
      "teamId": 1610612759,
      "actionNumber": 4,
      "x": null,
      "y": null,
      "subType": "recovered",
      "personId": 1631110,
      "xLegacy": null,
      "scoreAway": "0",
      "jumpBallRecoveredName": "J. Sochan"
    },
    {
      "playerNameI": "V. Wembanyama",
      "orderNumber": 70000,
      "isFieldGoal": 0,
      "possession": 1610612759,
      "teamTricode": "SAS",
      "description": "V. Wembanyama bad pass TURNOVER (1 TO)",
      "personIdsFilter": [
        1641705,
        1630163
      ],
      "areaDetail": "16-24 Left Center",
      "timeActual": "2024-01-13T01:10:34.7Z",
      "area": "Mid-Range",
      "period": 1,
      "side": null,
      "yLegacy": null,
      "edited": "2024-01-13T01:10:43Z",
      "playerName": "Wembanyama",
      "isTargetScoreLastPeriod": false,
      "qualifiers": [],
      "clock": "PT11M47.00S",
      "turnoverTotal": 1,
      "actionType": "turnover",
      "scoreHome": "0",
      "periodType": "REGULAR",
      "stealPersonId": 1630163,
      "teamId": 1610612759,
      "actionNumber": 7,
      "x": null,
      "y": null,
      "subType": "bad pass",
      "personId": 1641705,
      "xLegacy": null,
      "scoreAway": "0",
      "stealPlayerName": "Ball"
    },
    {
      "playerNameI": "L. Ball",
      "orderNumber": 80000,
      "isFieldGoal": 0,
      "possession": 1610612766,
      "teamTricode": "CHA",
      "description": "L. Ball STEAL (1 STL)",
      "personIdsFilter": [
        1630163
      ],
      "areaDetail": "16-24 Left Center",
      "timeActual": "2024-01-13T01:10:34.7Z",
      "area": "Mid-Range",
      "period": 1,
      "side": null,
      "yLegacy": null,
      "edited": "2024-01-13T01:10:36Z",
      "playerName": "Ball",
      "isTargetScoreLastPeriod": false,
      "qualifiers": [],
      "clock": "PT11M47.00S",
      "actionType": "steal",
      "scoreHome": "0",
      "periodType": "REGULAR",
      "teamId": 1610612766,
      "actionNumber": 8,
      "x": null,
      "y": null,
      "personId": 1630163,
      "subType": "",
      "xLegacy": null,
      "scoreAway": "0"
    },
    {
      "officialId": 1627962,
      "foulTechnicalTotal": 0,
      "playerNameI": "T. Jones",
      "orderNumber": 90000,
      "isFieldGoal": 0,
      "foulDrawnPlayerName": "Richards",
      "possession": 1610612766,
      "teamTricode": "SAS",
      "foulPersonalTotal": 1,
      "description": "T. Jones personal FOUL (1 PF)",
      "personIdsFilter": [
        1630200,
        1630208
      ],
      "areaDetail": "8-16 Center",
      "timeActual": "2024-01-13T01:10:43.4Z",
      "area": "Mid-Range",
      "period": 1,
      "side": null,
      "yLegacy": null,
      "edited": "2024-01-13T01:11:01Z",
      "playerName": "Jones",
      "isTargetScoreLastPeriod": false,
      "qualifiers": [],
      "clock": "PT11M46.00S",
      "actionType": "foul",
      "scoreHome": "0",
      "periodType": "REGULAR",
      "teamId": 1610612759,
      "actionNumber": 9,
      "x": null,
      "y": null,
      "subType": "personal",
      "personId": 1630200,
      "xLegacy": null,
      "scoreAway": "0",
      "foulDrawnPersonId": 1630208
    },
    {
      "playerNameI": "T. Rozier",
      "orderNumber": 110000,
      "isFieldGoal": 1,
      "shotResult": "Made",
      "possession": 1610612766,
      "teamTricode": "CHA",
      "description": "T. Rozier 9' fadeaway Jump Shot (2 PTS) (L. Ball 1 AST)",
      "descriptor": "fadeaway",
      "personIdsFilter": [
        1626179,
        1630163
      ],
      "areaDetail": "8-16 Center",
      "shotDistance": 9.9,
      "timeActual": "2024-01-13T01:11:01.1Z",
      "assistPersonId": 1630163,
      "area": "In The Paint (Non-RA)",
      "period": 1,
      "side": "right",
      "yLegacy": 99,
      "edited": "2024-01-13T01:11:09Z",
      "playerName": "Rozier",
      "isTargetScoreLastPeriod": false,
      "qualifiers": [
        "pointsinthepaint",
        "fromturnover"
      ],
      "assistTotal": 1,
      "clock": "PT11M29.00S",
      "actionType": "2pt",
      "scoreHome": "0",
      "periodType": "REGULAR",
      "teamId": 1610612766,
      "actionNumber": 11,
      "x": 83.919185282523,
      "y": 51.470588235294116,
      "subType": "Jump Shot",
      "personId": 1626179,
      "xLegacy": 7,
      "scoreAway": "2",
      "pointsTotal": 2,
      "assistPlayerNameInitial": "L. Ball"
    },
    {
      "officialId": 1628159,
      "foulTechnicalTotal": 0,
      "playerNameI": "B. Miller",
      "orderNumber": 120000,
      "isFieldGoal": 0,
      "foulDrawnPlayerName": "Champagnie",
      "possession": 1610612759,
      "teamTricode": "CHA",
      "foulPersonalTotal": 1,
      "description": "B. Miller flagrant-type-1 personal FOUL (1 PF) (Champagnie 3 FT)",
      "descriptor": "flagrant-type-1",
      "personIdsFilter": [
        1641706,
        1630577
      ],
      "areaDetail": "24+ Right",
      "timeActual": "2024-01-13T01:11:19.5Z",
      "area": "Right Corner 3",
      "period": 1,
      "side": null,
      "yLegacy": null,
      "edited": "2024-01-13T01:13:20Z",
      "playerName": "Miller",
      "isTargetScoreLastPeriod": false,
      "qualifiers": [
        "3freethrow"
      ],
      "clock": "PT11M11.00S",
      "actionType": "foul",
      "scoreHome": "0",
      "periodType": "REGULAR",
      "teamId": 1610612766,
      "actionNumber": 12,
      "x": null,
      "y": null,
      "subType": "personal",
      "personId": 1641706,
      "xLegacy": null,
      "scoreAway": "2",
      "foulDrawnPersonId": 1630577
    },
    {
      "playerNameI": "J. Champagnie",
      "orderNumber": 150000,
      "isFieldGoal": 0,
      "shotResult": "Made",
      "possession": 1610612759,
      "teamTricode": "SAS",
      "description": "J. Champagnie flagrant Free Throw 1 of 3 (1 PTS)",
      "descriptor": "flagrant",
      "personIdsFilter": [
        1630577
      ],
      "timeActual": "2024-01-13T01:13:24.9Z",
      "period": 1,
      "side": null,
      "yLegacy": null,
      "edited": "2024-01-13T01:14:25Z",
      "playerName": "Champagnie",
      "isTargetScoreLastPeriod": false,
      "qualifiers": [],
      "clock": "PT11M11.00S",
      "actionType": "freethrow",
      "scoreHome": "1",
      "periodType": "REGULAR",
      "teamId": 1610612759,
      "actionNumber": 16,
      "x": null,
      "y": null,
      "subType": "1 of 3",
      "personId": 1630577,
      "xLegacy": null,
      "scoreAway": "2",
      "pointsTotal": 1
    },
    {
      "playerNameI": "J. Champagnie",
      "orderNumber": 160000,
      "isFieldGoal": 0,
      "shotResult": "Made",
      "possession": 1610612759,
      "teamTricode": "SAS",
      "description": "J. Champagnie flagrant Free Throw 2 of 3 (2 PTS)",
      "descriptor": "flagrant",
      "personIdsFilter": [
        1630577
      ],
      "timeActual": "2024-01-13T01:13:24.9Z",
      "period": 1,
      "side": null,
      "yLegacy": null,
      "edited": "2024-01-13T01:14:25Z",
      "playerName": "Champagnie",
      "isTargetScoreLastPeriod": false,
      "qualifiers": [],
      "clock": "PT11M11.00S",
      "actionType": "freethrow",
      "scoreHome": "2",
      "periodType": "REGULAR",
      "teamId": 1610612759,
      "actionNumber": 17,
      "x": null,
      "y": null,
      "subType": "2 of 3",
      "personId": 1630577,
      "xLegacy": null,
      "scoreAway": "2",
      "pointsTotal": 2
    },
    {
      "playerNameI": "J. Champagnie",
      "orderNumber": 170000,
      "isFieldGoal": 0,
      "shotResult": "Made",
      "possession": 1610612759,
      "teamTricode": "SAS",
      "description": "J. Champagnie flagrant Free Throw 3 of 3 (3 PTS)",
      "descriptor": "flagrant",
      "personIdsFilter": [
        1630577
      ],
      "timeActual": "2024-01-13T01:13:24.9Z",
      "period": 1,
      "side": null,
      "yLegacy": null,
      "edited": "2024-01-13T01:14:25Z",
      "playerName": "Champagnie",
      "isTargetScoreLastPeriod": false,
      "qualifiers": [],
      "clock": "PT11M11.00S",
      "actionType": "freethrow",
      "scoreHome": "3",
      "periodType": "REGULAR",
      "teamId": 1610612759,
      "actionNumber": 18,
      "x": null,
      "y": null,
      "subType": "3 of 3",
      "personId": 1630577,
      "xLegacy": null,
      "scoreAway": "2",
      "pointsTotal": 3
    },
    {
      "officialId": 1628159,
      "foulTechnicalTotal": 0,
      "playerNameI": "N. Richards",
      "orderNumber": 180000,
      "isFieldGoal": 0,
      "foulDrawnPlayerName": "Wembanyama",
      "possession": 1610612759,
      "teamTricode": "CHA",
      "foulPersonalTotal": 1,
      "description": "N. Richards shooting personal FOUL (1 PF) (Wembanyama 2 FT)",
      "descriptor": "shooting",
      "personIdsFilter": [
        1630208,
        1641705
      ],
      "areaDetail": "8-16 Center",
      "timeActual": "2024-01-13T01:14:13.7Z",
      "area": "In The Paint (Non-RA)",
      "period": 1,
      "side": null,
      "yLegacy": null,
      "edited": "2024-01-13T01:14:34Z",
      "playerName": "Richards",
      "isTargetScoreLastPeriod": false,
      "qualifiers": [
        "2freethrow"
      ],
      "clock": "PT11M01.00S",
      "actionType": "foul",
      "scoreHome": "3",
      "periodType": "REGULAR",
      "teamId": 1610612766,
      "actionNumber": 19,
      "x": null,
      "y": null,
      "subType": "personal",
      "personId": 1630208,
      "xLegacy": null,
      "scoreAway": "2",
      "foulDrawnPersonId": 1641705
    },
    {
      "playerNameI": "V. Wembanyama",
      "orderNumber": 200000,
      "isFieldGoal": 0,
      "shotResult": "Made",
      "possession": 1610612759,
      "teamTricode": "SAS",
      "description": "V. Wembanyama Free Throw 1 of 2 (1 PTS)",
      "personIdsFilter": [
        1641705
      ],
      "timeActual": "2024-01-13T01:14:40.0Z",
      "period": 1,
      "side": null,
      "yLegacy": null,
      "edited": "2024-01-13T01:14:40Z",
      "playerName": "Wembanyama",
      "isTargetScoreLastPeriod": false,
      "qualifiers": [],
      "clock": "PT11M01.00S",
      "actionType": "freethrow",
      "scoreHome": "4",
      "periodType": "REGULAR",
      "teamId": 1610612759,
      "actionNumber": 21,
      "x": null,
      "y": null,
      "subType": "1 of 2",
      "personId": 1641705,
      "xLegacy": null,
      "scoreAway": "2",
      "pointsTotal": 1
    },
    {
      "playerNameI": "V. Wembanyama",
      "orderNumber": 210000,
      "isFieldGoal": 0,
      "shotResult": "Made",
      "possession": 1610612759,
      "teamTricode": "SAS",
      "description": "V. Wembanyama Free Throw 2 of 2 (2 PTS)",
      "personIdsFilter": [
        1641705
      ],
      "timeActual": "2024-01-13T01:14:57.6Z",
      "period": 1,
      "side": null,
      "yLegacy": null,
      "edited": "2024-01-13T01:14:57Z",
      "playerName": "Wembanyama",
      "isTargetScoreLastPeriod": false,
      "qualifiers": [],
      "clock": "PT11M01.00S",
      "actionType": "freethrow",
      "scoreHome": "5",
      "periodType": "REGULAR",
      "teamId": 1610612759,
      "actionNumber": 22,
      "x": null,
      "y": null,
      "subType": "2 of 2",
      "personId": 1641705,
      "xLegacy": null,
      "scoreAway": "2",
      "pointsTotal": 2
    },
    {
      "playerNameI": "T. Rozier",
      "orderNumber": 220000,
      "isFieldGoal": 1,
      "shotResult": "Missed",
      "possession": 1610612766,
      "teamTricode": "CHA",
      "description": "MISS T. Rozier 27' pullup 3PT",
      "descriptor": "pullup",
      "personIdsFilter": [
        1626179
      ],
      "areaDetail": "24+ Left Center",
      "shotDistance": 27.31,
      "timeActual": "2024-01-13T01:15:15.2Z",
      "area": "Above the Break 3",
      "period": 1,
      "side": "right",
      "yLegacy": 190,
      "edited": "2024-01-13T01:15:25Z",
      "playerName": "Rozier",
      "isTargetScoreLastPeriod": false,
      "qualifiers": [],
      "clock": "PT10M44.00S",
      "actionType": "3pt",
      "scoreHome": "5",
      "periodType": "REGULAR",
      "teamId": 1610612766,
      "actionNumber": 23,
      "x": 74.19513797634691,
      "y": 10.784313725490197,
      "subType": "Jump Shot",
      "personId": 1626179,
      "xLegacy": -196,
      "scoreAway": "2"
    },
    {
      "playerNameI": "V. Wembanyama",
      "orderNumber": 230000,
      "isFieldGoal": 0,
      "possession": 1610612759,
      "teamTricode": "SAS",
      "description": "V. Wembanyama REBOUND (Off:0 Def:1)",
      "personIdsFilter": [
        1641705
      ],
      "areaDetail": "24+ Left Center",
      "reboundDefensiveTotal": 1,
      "timeActual": "2024-01-13T01:15:19.2Z",
      "shotActionNumber": 23,
      "area": "Above the Break 3",
      "reboundOffensiveTotal": 0,
      "period": 1,
      "side": null,
      "yLegacy": null,
      "edited": "2024-01-13T01:15:25Z",
      "playerName": "Wembanyama",
      "isTargetScoreLastPeriod": false,
      "qualifiers": [],
      "clock": "PT10M40.00S",
      "actionType": "rebound",
      "scoreHome": "5",
      "periodType": "REGULAR",
      "reboundTotal": 1,
      "teamId": 1610612759,
      "actionNumber": 24,
      "x": null,
      "y": null,
      "subType": "defensive",
      "personId": 1641705,
      "xLegacy": null,
      "scoreAway": "2"
    },
    {
      "playerNameI": "J. Champagnie",
      "orderNumber": 240000,
      "isFieldGoal": 1,
      "shotResult": "Missed",
      "possession": 1610612759,
      "teamTricode": "SAS",
      "description": "MISS J. Champagnie 25' 3PT",
      "personIdsFilter": [
        1630577
      ],
      "areaDetail": "24+ Right Center",
      "shotDistance": 25.78,
      "timeActual": "2024-01-13T01:15:29.9Z",
      "area": "Above the Break 3",
      "period": 1,
      "side": "left",
      "yLegacy": 239,
      "edited": "2024-01-13T01:15:35Z",
      "playerName": "Champagnie",
      "isTargetScoreLastPeriod": false,
      "qualifiers": [],
      "clock": "PT10M29.00S",
      "actionType": "3pt",
      "scoreHome": "5",
      "periodType": "REGULAR",
      "teamId": 1610612759,
      "actionNumber": 25,
      "x": 30.962549277266753,
      "y": 30.392156862745097,
      "subType": "Jump Shot",
      "personId": 1630577,
      "xLegacy": 98,
      "scoreAway": "2"
    },
    {
      "playerNameI": "N. Richards",
      "orderNumber": 250000,
      "isFieldGoal": 0,
      "possession": 1610612766,
      "teamTricode": "CHA",
      "description": "N. Richards REBOUND (Off:0 Def:1)",
      "personIdsFilter": [
        1630208
      ],
      "areaDetail": "24+ Right Center",
      "reboundDefensiveTotal": 1,
      "timeActual": "2024-01-13T01:15:33.9Z",
      "shotActionNumber": 25,
      "area": "Above the Break 3",
      "reboundOffensiveTotal": 0,
      "period": 1,
      "side": null,
      "yLegacy": null,
      "edited": "2024-01-13T01:15:35Z",
      "playerName": "Richards",
      "isTargetScoreLastPeriod": false,
      "qualifiers": [],
      "clock": "PT10M25.00S",
      "actionType": "rebound",
      "scoreHome": "5",
      "periodType": "REGULAR",
      "reboundTotal": 1,
      "teamId": 1610612766,
      "actionNumber": 26,
      "x": null,
      "y": null,
      "subType": "defensive",
      "personId": 1630208,
      "xLegacy": null,
      "scoreAway": "2"
    },
    {
      "playerNameI": "B. Miller",
      "orderNumber": 260000,
      "isFieldGoal": 1,
      "shotResult": "Missed",
      "possession": 1610612766,
      "teamTricode": "CHA",
      "description": "MISS B. Miller 26' 3PT",
      "personIdsFilter": [
        1641706
      ],
      "areaDetail": "24+ Right Center",
      "shotDistance": 26.71,
      "timeActual": "2024-01-13T01:15:40.7Z",
      "area": "Above the Break 3",
      "period": 1,
      "side": "right",
      "yLegacy": 249,
      "edited": "2024-01-13T01:15:52Z",
      "playerName": "Miller",
      "isTargetScoreLastPeriod": false,
      "qualifiers": [],
      "clock": "PT10M18.00S",
      "actionType": "3pt",
      "scoreHome": "5",
      "periodType": "REGULAR",
      "teamId": 1610612766,
      "actionNumber": 27,
      "x": 67.88764783180025,
      "y": 69.11764705882352,
      "subType": "Jump Shot",
      "personId": 1641706,
      "xLegacy": 96,
      "scoreAway": "2"
    },
    {
      "orderNumber": 270000,
      "isFieldGoal": 0,
      "possession": 1610612759,
      "teamTricode": "SAS",
      "description": "TEAM defensive REBOUND",
      "personIdsFilter": [],
      "areaDetail": "24+ Right Center",
      "timeActual": "2024-01-13T01:15:44.7Z",
      "shotActionNumber": 27,
      "area": "Above the Break 3",
      "period": 1,
      "side": null,
      "yLegacy": null,
      "edited": "2024-01-13T01:15:52Z",
      "isTargetScoreLastPeriod": false,
      "qualifiers": [
        "team"
      ],
      "clock": "PT10M14.00S",
      "actionType": "rebound",
      "scoreHome": "5",
      "periodType": "REGULAR",
      "teamId": 1610612759,
      "actionNumber": 28,
      "x": null,
      "y": null,
      "subType": "defensive",
      "personId": 0,
      "xLegacy": null,
      "scoreAway": "2"
    },
    {
      "playerNameI": "D. Vassell",
      "orderNumber": 280000,
      "isFieldGoal": 1,
      "shotResult": "Missed",
      "possession": 1610612759,
      "teamTricode": "SAS",
      "description": "MISS D. Vassell driving finger roll Layup - blocked",
      "descriptor": "driving finger roll",
      "personIdsFilter": [
        1630170,
        1630208
      ],
      "areaDetail": "0-8 Center",
      "shotDistance": 2.75,
      "timeActual": "2024-01-13T01:16:06.8Z",
      "blockPlayerName": "Richards",
      "area": "Restricted Area",
      "period": 1,
      "side": "left",
      "yLegacy": 5,
      "edited": "2024-01-13T01:16:15Z",
      "playerName": "Vassell",
      "isTargetScoreLastPeriod": false,
      "qualifiers": [
        "pointsinthepaint"
      ],
      "clock": "PT10M02.00S",
      "actionType": "2pt",
      "scoreHome": "5",
      "periodType": "REGULAR",
      "blockPersonId": 1630208,
      "teamId": 1610612759,
      "actionNumber": 29,
      "x": 6.1268068331143235,
      "y": 55.392156862745104,
      "subType": "Layup",
      "personId": 1630170,
      "xLegacy": -27,
      "scoreAway": "2"
    },
    {
      "playerNameI": "N. Richards",
      "orderNumber": 290000,
      "isFieldGoal": 0,
      "possession": 1610612759,
      "teamTricode": "CHA",
      "description": "N. Richards BLOCK (1 BLK)",
      "personIdsFilter": [
        1630208
      ],
      "areaDetail": "0-8 Center",
      "timeActual": "2024-01-13T01:16:06.8Z",
      "area": "Restricted Area",
      "period": 1,
      "side": null,
      "yLegacy": null,
      "edited": "2024-01-13T01:16:10Z",
      "playerName": "Richards",
      "isTargetScoreLastPeriod": false,
      "qualifiers": [],
      "clock": "PT10M02.00S",
      "actionType": "block",
      "scoreHome": "5",
      "periodType": "REGULAR",
      "teamId": 1610612766,
      "actionNumber": 30,
      "x": null,
      "y": null,
      "personId": 1630208,
      "subType": "",
      "xLegacy": null,
      "scoreAway": "2"
    },
    {
      "orderNumber": 300000,
      "isFieldGoal": 0,
      "possession": 1610612759,
      "teamTricode": "SAS",
      "description": "TEAM offensive REBOUND",
      "personIdsFilter": [],
      "areaDetail": "0-8 Center",
      "timeActual": "2024-01-13T01:16:06.8Z",
      "shotActionNumber": 29,
      "area": "Restricted Area",
      "period": 1,
      "side": null,
      "yLegacy": null,
      "edited": "2024-01-13T01:16:15Z",
      "isTargetScoreLastPeriod": false,
      "qualifiers": [
        "team"
      ],
      "clock": "PT10M02.00S",
      "actionType": "rebound",
      "scoreHome": "5",
      "periodType": "REGULAR",
      "teamId": 1610612759,
      "actionNumber": 31,
      "x": null,
      "y": null,
      "subType": "offensive",
      "personId": 0,
      "xLegacy": null,
      "scoreAway": "2"
    },
    {
      "playerNameI": "V. Wembanyama",
      "orderNumber": 320000,
      "isFieldGoal": 1,
      "shotResult": "Missed",
      "possession": 1610612759,
      "teamTricode": "SAS",
      "description": "MISS V. Wembanyama 25' 3PT",
      "personIdsFilter": [
        1641705
      ],
      "areaDetail": "24+ Center",
      "shotDistance": 25.5,
      "timeActual": "2024-01-13T01:16:30.2Z",
      "area": "Above the Break 3",
      "period": 1,
      "side": "left",
      "yLegacy": 248,
      "edited": "2024-01-13T01:16:34Z",
      "playerName": "Wembanyama",
      "isTargetScoreLastPeriod": false,
      "qualifiers": [
        "2ndchance"
      ],
      "clock": "PT09M55.00S",
      "actionType": "3pt",
      "scoreHome": "5",
      "periodType": "REGULAR",
      "teamId": 1610612759,
      "actionNumber": 33,
      "x": 32.013797634691194,
      "y": 61.51960784313726,
      "subType": "Jump Shot",
      "personId": 1641705,
      "xLegacy": -58,
      "scoreAway": "2"
    },
    {
      "playerNameI": "M. Bridges",
      "orderNumber": 330000,
      "isFieldGoal": 0,
      "possession": 1610612766,
      "teamTricode": "CHA",
      "description": "M. Bridges REBOUND (Off:0 Def:1)",
      "personIdsFilter": [
        1628970
      ],
      "areaDetail": "24+ Center",
      "reboundDefensiveTotal": 1,
      "timeActual": "2024-01-13T01:16:33.2Z",
      "shotActionNumber": 33,
      "area": "Above the Break 3",
      "reboundOffensiveTotal": 0,
      "period": 1,
      "side": null,
      "yLegacy": null,
      "edited": "2024-01-13T01:16:34Z",
      "playerName": "Bridges",
      "isTargetScoreLastPeriod": false,
      "qualifiers": [],
      "clock": "PT09M52.00S",
      "actionType": "rebound",
      "scoreHome": "5",
      "periodType": "REGULAR",
      "reboundTotal": 1,
      "teamId": 1610612766,
      "actionNumber": 34,
      "x": null,
      "y": null,
      "subType": "defensive",
      "personId": 1628970,
      "xLegacy": null,
      "scoreAway": "2"
    },
    {
      "playerNameI": "B. Miller",
      "orderNumber": 340000,
      "isFieldGoal": 1,
      "shotResult": "Missed",
      "possession": 1610612766,
      "teamTricode": "CHA",
      "description": "MISS B. Miller 11' turnaround fadeaway Shot",
      "descriptor": "turnaround fadeaway",
      "personIdsFilter": [
        1641706
      ],
      "areaDetail": "8-16 Center",
      "shotDistance": 11.7,
      "timeActual": "2024-01-13T01:16:40.4Z",
      "area": "In The Paint (Non-RA)",
      "period": 1,
      "side": "right",
      "yLegacy": 112,
      "edited": "2024-01-13T01:17:51Z",
      "playerName": "Miller",
      "isTargetScoreLastPeriod": false,
      "qualifiers": [
        "pointsinthepaint"
      ],
      "clock": "PT09M45.00S",
      "actionType": "2pt",
      "scoreHome": "5",
      "periodType": "REGULAR",
      "teamId": 1610612766,
      "actionNumber": 35,
      "x": 82.47371879106439,
      "y": 56.61764705882353,
      "subType": "Jump Shot",
      "personId": 1641706,
      "xLegacy": 33,
      "scoreAway": "2"
    },
    {
      "playerNameI": "V. Wembanyama",
      "orderNumber": 350000,
      "isFieldGoal": 0,
      "possession": 1610612759,
      "teamTricode": "SAS",
      "description": "V. Wembanyama REBOUND (Off:0 Def:2)",
      "personIdsFilter": [
        1641705
      ],
      "areaDetail": "8-16 Center",
      "reboundDefensiveTotal": 2,
      "timeActual": "2024-01-13T01:16:43.4Z",
      "shotActionNumber": 35,
      "area": "In The Paint (Non-RA)",
      "reboundOffensiveTotal": 0,
      "period": 1,
      "side": null,
      "yLegacy": null,
      "edited": "2024-01-13T01:16:45Z",
      "playerName": "Wembanyama",
      "isTargetScoreLastPeriod": false,
      "qualifiers": [],
      "clock": "PT09M42.00S",
      "actionType": "rebound",
      "scoreHome": "5",
      "periodType": "REGULAR",
      "reboundTotal": 2,
      "teamId": 1610612759,
      "actionNumber": 36,
      "x": null,
      "y": null,
      "subType": "defensive",
      "personId": 1641705,
      "xLegacy": null,
      "scoreAway": "2"
    },
    {
      "playerNameI": "V. Wembanyama",
      "orderNumber": 360000,
      "isFieldGoal": 1,
      "shotResult": "Missed",
      "possession": 1610612759,
      "teamTricode": "SAS",
      "description": "MISS V. Wembanyama 10' Jump Shot",
      "personIdsFilter": [
        1641705
      ],
      "areaDetail": "8-16 Right",
      "shotDistance": 10.69,
      "timeActual": "2024-01-13T01:16:53.4Z",
      "area": "Mid-Range",
      "period": 1,
      "side": "left",
      "yLegacy": 8,
      "edited": "2024-01-13T01:16:57Z",
      "playerName": "Wembanyama",
      "isTargetScoreLastPeriod": false,
      "qualifiers": [],
      "clock": "PT09M32.00S",
      "actionType": "2pt",
      "scoreHome": "5",
      "periodType": "REGULAR",
      "teamId": 1610612759,
      "actionNumber": 37,
      "x": 6.389618922470433,
      "y": 28.676470588235293,
      "subType": "Jump Shot",
      "personId": 1641705,
      "xLegacy": 107,
      "scoreAway": "2"
    },
    {
      "playerNameI": "T. Rozier",
      "orderNumber": 370000,
      "isFieldGoal": 0,
      "possession": 1610612766,
      "teamTricode": "CHA",
      "description": "T. Rozier REBOUND (Off:0 Def:1)",
      "personIdsFilter": [
        1626179
      ],
      "areaDetail": "8-16 Right",
      "reboundDefensiveTotal": 1,
      "timeActual": "2024-01-13T01:16:56.4Z",
      "shotActionNumber": 37,
      "area": "Mid-Range",
      "reboundOffensiveTotal": 0,
      "period": 1,
      "side": null,
      "yLegacy": null,
      "edited": "2024-01-13T01:16:57Z",
      "playerName": "Rozier",
      "isTargetScoreLastPeriod": false,
      "qualifiers": [],
      "clock": "PT09M29.00S",
      "actionType": "rebound",
      "scoreHome": "5",
      "periodType": "REGULAR",
      "reboundTotal": 1,
      "teamId": 1610612766,
      "actionNumber": 38,
      "x": null,
      "y": null,
      "subType": "defensive",
      "personId": 1626179,
      "xLegacy": null,
      "scoreAway": "2"
    },
    {
      "playerNameI": "L. Ball",
      "orderNumber": 380000,
      "isFieldGoal": 1,
      "shotResult": "Missed",
      "possession": 1610612766,
      "teamTricode": "CHA",
      "description": "MISS L. Ball 29' running pullup 3PT",
      "descriptor": "running pullup",
      "personIdsFilter": [
        1630163
      ],
      "areaDetail": "24+ Left Center",
      "shotDistance": 29.38,
      "timeActual": "2024-01-13T01:17:00.8Z",
      "area": "Above the Break 3",
      "period": 1,
      "side": "right",
      "yLegacy": 242,
      "edited": "2024-01-13T01:18:29Z",
      "playerName": "Ball",
      "isTargetScoreLastPeriod": false,
      "qualifiers": [
        "fastbreak"
      ],
      "clock": "PT09M24.00S",
      "actionType": "3pt",
      "scoreHome": "5",
      "periodType": "REGULAR",
      "teamId": 1610612766,
      "actionNumber": 39,
      "x": 68.67608409986859,
      "y": 16.666666666666664,
      "subType": "Jump Shot",
      "personId": 1630163,
      "xLegacy": -167,
      "scoreAway": "2"
    },
    {
      "playerNameI": "V. Wembanyama",
      "orderNumber": 390000,
      "isFieldGoal": 0,
      "possession": 1610612759,
      "teamTricode": "SAS",
      "description": "V. Wembanyama REBOUND (Off:0 Def:3)",
      "personIdsFilter": [
        1641705
      ],
      "areaDetail": "24+ Left Center",
      "reboundDefensiveTotal": 3,
      "timeActual": "2024-01-13T01:17:02.8Z",
      "shotActionNumber": 39,
      "area": "Above the Break 3",
      "reboundOffensiveTotal": 0,
      "period": 1,
      "side": null,
      "yLegacy": null,
      "edited": "2024-01-13T01:17:13Z",
      "playerName": "Wembanyama",
      "isTargetScoreLastPeriod": false,
      "qualifiers": [],
      "clock": "PT09M22.00S",
      "actionType": "rebound",
      "scoreHome": "5",
      "periodType": "REGULAR",
      "reboundTotal": 3,
      "teamId": 1610612759,
      "actionNumber": 40,
      "x": null,
      "y": null,
      "subType": "defensive",
      "personId": 1641705,
      "xLegacy": null,
      "scoreAway": "2"
    },
    {
      "playerNameI": "D. Vassell",
      "orderNumber": 400000,
      "isFieldGoal": 0,
      "possession": 1610612759,
      "teamTricode": "SAS",
      "description": "D. Vassell bad pass TURNOVER (1 TO)",
      "personIdsFilter": [
        1630170,
        1626179
      ],
      "areaDetail": "0-8 Center",
      "timeActual": "2024-01-13T01:17:12.2Z",
      "area": "In The Paint (Non-RA)",
      "period": 1,
      "side": null,
      "yLegacy": null,
      "edited": "2024-01-13T01:17:24Z",
      "playerName": "Vassell",
      "isTargetScoreLastPeriod": false,
      "qualifiers": [],
      "clock": "PT09M13.00S",
      "turnoverTotal": 1,
      "actionType": "turnover",
      "scoreHome": "5",
      "periodType": "REGULAR",
      "stealPersonId": 1626179,
      "teamId": 1610612759,
      "actionNumber": 41,
      "x": null,
      "y": null,
      "subType": "bad pass",
      "personId": 1630170,
      "xLegacy": null,
      "scoreAway": "2",
      "stealPlayerName": "Rozier"
    },
    {
      "playerNameI": "T. Rozier",
      "orderNumber": 410000,
      "isFieldGoal": 0,
      "possession": 1610612766,
      "teamTricode": "CHA",
      "description": "T. Rozier STEAL (1 STL)",
      "personIdsFilter": [
        1626179
      ],
      "areaDetail": "0-8 Center",
      "timeActual": "2024-01-13T01:17:12.2Z",
      "area": "In The Paint (Non-RA)",
      "period": 1,
      "side": null,
      "yLegacy": null,
      "edited": "2024-01-13T01:17:14Z",
      "playerName": "Rozier",
      "isTargetScoreLastPeriod": false,
      "qualifiers": [],
      "clock": "PT09M13.00S",
      "actionType": "steal",
      "scoreHome": "5",
      "periodType": "REGULAR",
      "teamId": 1610612766,
      "actionNumber": 42,
      "x": null,
      "y": null,
      "personId": 1626179,
      "subType": "",
      "xLegacy": null,
      "scoreAway": "2"
    },
    {
      "playerNameI": "L. Ball",
      "orderNumber": 420000,
      "isFieldGoal": 1,
      "shotResult": "Missed",
      "possession": 1610612766,
      "teamTricode": "CHA",
      "description": "MISS L. Ball running Layup",
      "descriptor": "running",
      "personIdsFilter": [
        1630163
      ],
      "areaDetail": "0-8 Center",
      "shotDistance": 1.92,
      "timeActual": "2024-01-13T01:17:15.8Z",
      "area": "Restricted Area",
      "period": 1,
      "side": "right",
      "yLegacy": 8,
      "edited": "2024-01-13T01:19:57Z",
      "playerName": "Ball",
      "isTargetScoreLastPeriod": false,
      "qualifiers": [
        "pointsinthepaint",
        "fromturnover",
        "fastbreak"
      ],
      "clock": "PT09M09.00S",
      "actionType": "2pt",
      "scoreHome": "5",
      "periodType": "REGULAR",
      "teamId": 1610612766,
      "actionNumber": 43,
      "x": 93.51182654402102,
      "y": 53.431372549019606,
      "subType": "Layup",
      "personId": 1630163,
      "xLegacy": 17,
      "scoreAway": "2"
    },
    {
      "playerNameI": "B. Miller",
      "orderNumber": 430000,
      "isFieldGoal": 0,
      "possession": 1610612766,
      "teamTricode": "CHA",
      "description": "B. Miller REBOUND (Off:1 Def:0)",
      "personIdsFilter": [
        1641706
      ],
      "areaDetail": "0-8 Center",
      "reboundDefensiveTotal": 0,
      "timeActual": "2024-01-13T01:17:16.8Z",
      "shotActionNumber": 43,
      "area": "Restricted Area",
      "reboundOffensiveTotal": 1,
      "period": 1,
      "side": null,
      "yLegacy": null,
      "edited": "2024-01-13T01:46:35Z",
      "playerName": "Miller",
      "isTargetScoreLastPeriod": false,
      "qualifiers": [],
      "clock": "PT09M08.00S",
      "actionType": "rebound",
      "scoreHome": "5",
      "periodType": "REGULAR",
      "reboundTotal": 1,
      "teamId": 1610612766,
      "actionNumber": 44,
      "x": null,
      "y": null,
      "subType": "offensive",
      "personId": 1641706,
      "xLegacy": null,
      "scoreAway": "2"
    },
    {
      "playerNameI": "B. Miller",
      "orderNumber": 440000,
      "isFieldGoal": 1,
      "shotResult": "Missed",
      "possession": 1610612766,
      "teamTricode": "CHA",
      "description": "MISS B. Miller tip Layup",
      "descriptor": "tip",
      "personIdsFilter": [
        1641706
      ],
      "areaDetail": "0-8 Center",
      "shotDistance": 0,
      "timeActual": "2024-01-13T01:17:20.7Z",
      "area": "Restricted Area",
      "period": 1,
      "side": "right",
      "yLegacy": 0,
      "edited": "2024-01-13T01:45:47Z",
      "playerName": "Miller",
      "isTargetScoreLastPeriod": false,
      "qualifiers": [
        "2ndchance",
        "pointsinthepaint",
        "fromturnover"
      ],
      "clock": "PT09M05.00S",
      "actionType": "2pt",
      "scoreHome": "5",
      "periodType": "REGULAR",
      "teamId": 1610612766,
      "actionNumber": 45,
      "x": 94.40999984741211,
      "y": 50,
      "subType": "Layup",
      "personId": 1641706,
      "xLegacy": 0,
      "scoreAway": "2"
    },
    {
      "playerNameI": "B. Miller",
      "orderNumber": 450000,
      "isFieldGoal": 0,
      "possession": 1610612766,
      "teamTricode": "CHA",
      "description": "B. Miller REBOUND (Off:2 Def:0)",
      "personIdsFilter": [
        1641706
      ],
      "areaDetail": "0-8 Center",
      "reboundDefensiveTotal": 0,
      "timeActual": "2024-01-13T01:17:20.7Z",
      "shotActionNumber": 45,
      "area": "Restricted Area",
      "reboundOffensiveTotal": 2,
      "period": 1,
      "side": null,
      "yLegacy": null,
      "edited": "2024-01-13T01:21:54Z",
      "playerName": "Miller",
      "isTargetScoreLastPeriod": false,
      "qualifiers": [],
      "clock": "PT09M05.00S",
      "actionType": "rebound",
      "scoreHome": "5",
      "periodType": "REGULAR",
      "reboundTotal": 2,
      "teamId": 1610612766,
      "actionNumber": 46,
      "x": null,
      "y": null,
      "subType": "offensive",
      "personId": 1641706,
      "xLegacy": null,
      "scoreAway": "2"
    },
    {
      "playerNameI": "B. Miller",
      "orderNumber": 460000,
      "isFieldGoal": 1,
      "shotResult": "Missed",
      "possession": 1610612766,
      "teamTricode": "CHA",
      "description": "MISS B. Miller tip Layup",
      "descriptor": "tip",
      "personIdsFilter": [
        1641706
      ],
      "areaDetail": "0-8 Center",
      "shotDistance": 0,
      "timeActual": "2024-01-13T01:17:22.4Z",
      "area": "Restricted Area",
      "period": 1,
      "side": "right",
      "yLegacy": 0,
      "edited": "2024-01-13T01:17:30Z",
      "playerName": "Miller",
      "isTargetScoreLastPeriod": false,
      "qualifiers": [
        "2ndchance",
        "pointsinthepaint",
        "fromturnover"
      ],
      "clock": "PT09M05.00S",
      "actionType": "2pt",
      "scoreHome": "5",
      "periodType": "REGULAR",
      "teamId": 1610612766,
      "actionNumber": 47,
      "x": 94.40999984741211,
      "y": 50,
      "subType": "Layup",
      "personId": 1641706,
      "xLegacy": 0,
      "scoreAway": "2"
    },
    {
      "orderNumber": 470000,
      "isFieldGoal": 0,
      "possession": 1610612759,
      "teamTricode": "SAS",
      "description": "TEAM defensive REBOUND",
      "personIdsFilter": [],
      "areaDetail": "0-8 Center",
      "timeActual": "2024-01-13T01:17:22.4Z",
      "shotActionNumber": 47,
      "area": "Restricted Area",
      "period": 1,
      "side": null,
      "yLegacy": null,
      "edited": "2024-01-13T01:24:13Z",
      "isTargetScoreLastPeriod": false,
      "qualifiers": [
        "team"
      ],
      "clock": "PT09M05.00S",
      "actionType": "rebound",
      "scoreHome": "5",
      "periodType": "REGULAR",
      "teamId": 1610612759,
      "actionNumber": 48,
      "x": null,
      "y": null,
      "subType": "defensive",
      "personId": 0,
      "xLegacy": null,
      "scoreAway": "2"
    },
    {
      "officialId": 202049,
      "foulTechnicalTotal": 0,
      "playerNameI": "L. Ball",
      "orderNumber": 480000,
      "isFieldGoal": 0,
      "foulDrawnPlayerName": "Jones",
      "possession": 1610612759,
      "teamTricode": "CHA",
      "foulPersonalTotal": 1,
      "description": "L. Ball loose ball personal FOUL (1 PF)",
      "descriptor": "loose ball",
      "personIdsFilter": [
        1630163,
        1630200
      ],
      "areaDetail": "8-16 Left",
      "timeActual": "2024-01-13T01:17:33.7Z",
      "area": "Mid-Range",
      "period": 1,
      "side": null,
      "yLegacy": null,
      "edited": "2024-01-13T01:17:58Z",
      "playerName": "Ball",
      "isTargetScoreLastPeriod": false,
      "qualifiers": [],
      "clock": "PT09M05.00S",
      "actionType": "foul",
      "scoreHome": "5",
      "periodType": "REGULAR",
      "teamId": 1610612766,
      "actionNumber": 49,
      "x": null,
      "y": null,
      "subType": "personal",
      "personId": 1630163,
      "xLegacy": null,
      "scoreAway": "2",
      "foulDrawnPersonId": 1630200
    },
    {
      "playerNameI": "D. Vassell",
      "orderNumber": 500000,
      "isFieldGoal": 1,
      "shotResult": "Missed",
      "possession": 1610612759,
      "teamTricode": "SAS",
      "description": "MISS D. Vassell 25' pullup 3PT",
      "descriptor": "pullup",
      "personIdsFilter": [
        1630170
      ],
      "areaDetail": "24+ Right Center",
      "shotDistance": 25.56,
      "timeActual": "2024-01-13T01:18:00.8Z",
      "area": "Above the Break 3",
      "period": 1,
      "side": "left",
      "yLegacy": 236,
      "edited": "2024-01-13T01:23:47Z",
      "playerName": "Vassell",
      "isTargetScoreLastPeriod": false,
      "qualifiers": [],
      "clock": "PT08M45.00S",
      "actionType": "3pt",
      "scoreHome": "5",
      "periodType": "REGULAR",
      "teamId": 1610612759,
      "actionNumber": 51,
      "x": 30.699737187910642,
      "y": 30.392156862745097,
      "subType": "Jump Shot",
      "personId": 1630170,
      "xLegacy": 98,
      "scoreAway": "2"
    },
    {
      "playerNameI": "M. Bridges",
      "orderNumber": 510000,
      "isFieldGoal": 0,
      "possession": 1610612766,
      "teamTricode": "CHA",
      "description": "M. Bridges REBOUND (Off:0 Def:2)",
      "personIdsFilter": [
        1628970
      ],
      "areaDetail": "24+ Right Center",
      "reboundDefensiveTotal": 2,
      "timeActual": "2024-01-13T01:18:03.8Z",
      "shotActionNumber": 51,
      "area": "Above the Break 3",
      "reboundOffensiveTotal": 0,
      "period": 1,
      "side": null,
      "yLegacy": null,
      "edited": "2024-01-13T01:18:06Z",
      "playerName": "Bridges",
      "isTargetScoreLastPeriod": false,
      "qualifiers": [],
      "clock": "PT08M42.00S",
      "actionType": "rebound",
      "scoreHome": "5",
      "periodType": "REGULAR",
      "reboundTotal": 2,
      "teamId": 1610612766,
      "actionNumber": 52,
      "x": null,
      "y": null,
      "subType": "defensive",
      "personId": 1628970,
      "xLegacy": null,
      "scoreAway": "2"
    },
    {
      "playerNameI": "M. Bridges",
      "orderNumber": 520000,
      "isFieldGoal": 1,
      "shotResult": "Missed",
      "possession": 1610612766,
      "teamTricode": "CHA",
      "description": "MISS M. Bridges 21' Jump Shot",
      "personIdsFilter": [
        1628970
      ],
      "areaDetail": "16-24 Center",
      "shotDistance": 21.48,
      "timeActual": "2024-01-13T01:18:17.2Z",
      "area": "Mid-Range",
      "period": 1,
      "side": "right",
      "yLegacy": 215,
      "edited": "2024-01-13T01:18:22Z",
      "playerName": "Bridges",
      "isTargetScoreLastPeriod": false,
      "qualifiers": [],
      "clock": "PT08M28.00S",
      "actionType": "2pt",
      "scoreHome": "5",
      "periodType": "REGULAR",
      "teamId": 1610612766,
      "actionNumber": 53,
      "x": 71.56701708278581,
      "y": 49.754901960784316,
      "subType": "Jump Shot",
      "personId": 1628970,
      "xLegacy": -1,
      "scoreAway": "2"
    },
    {
      "playerNameI": "D. Vassell",
      "orderNumber": 530000,
      "isFieldGoal": 0,
      "possession": 1610612759,
      "teamTricode": "SAS",
      "description": "D. Vassell REBOUND (Off:0 Def:1)",
      "personIdsFilter": [
        1630170
      ],
      "areaDetail": "16-24 Center",
      "reboundDefensiveTotal": 1,
      "timeActual": "2024-01-13T01:18:21.2Z",
      "shotActionNumber": 53,
      "area": "Mid-Range",
      "reboundOffensiveTotal": 0,
      "period": 1,
      "side": null,
      "yLegacy": null,
      "edited": "2024-01-13T01:18:22Z",
      "playerName": "Vassell",
      "isTargetScoreLastPeriod": false,
      "qualifiers": [],
      "clock": "PT08M24.00S",
      "actionType": "rebound",
      "scoreHome": "5",
      "periodType": "REGULAR",
      "reboundTotal": 1,
      "teamId": 1610612759,
      "actionNumber": 54,
      "x": null,
      "y": null,
      "subType": "defensive",
      "personId": 1630170,
      "xLegacy": null,
      "scoreAway": "2"
    },
    {
      "playerNameI": "V. Wembanyama",
      "orderNumber": 540000,
      "isFieldGoal": 0,
      "possession": 1610612759,
      "teamTricode": "SAS",
      "description": "V. Wembanyama lost ball TURNOVER (2 TO)",
      "personIdsFilter": [
        1641705,
        1630163
      ],
      "areaDetail": "0-8 Center",
      "timeActual": "2024-01-13T01:18:27.5Z",
      "area": "In The Paint (Non-RA)",
      "period": 1,
      "side": null,
      "yLegacy": null,
      "edited": "2024-01-13T01:18:33Z",
      "playerName": "Wembanyama",
      "isTargetScoreLastPeriod": false,
      "qualifiers": [],
      "clock": "PT08M17.00S",
      "turnoverTotal": 2,
      "actionType": "turnover",
      "scoreHome": "5",
      "periodType": "REGULAR",
      "stealPersonId": 1630163,
      "teamId": 1610612759,
      "actionNumber": 55,
      "x": null,
      "y": null,
      "subType": "lost ball",
      "personId": 1641705,
      "xLegacy": null,
      "scoreAway": "2",
      "stealPlayerName": "Ball"
    },
    {
      "playerNameI": "L. Ball",
      "orderNumber": 550000,
      "isFieldGoal": 0,
      "possession": 1610612766,
      "teamTricode": "CHA",
      "description": "L. Ball STEAL (2 STL)",
      "personIdsFilter": [
        1630163
      ],
      "areaDetail": "0-8 Center",
      "timeActual": "2024-01-13T01:18:27.5Z",
      "area": "In The Paint (Non-RA)",
      "period": 1,
      "side": null,
      "yLegacy": null,
      "edited": "2024-01-13T01:18:30Z",
      "playerName": "Ball",
      "isTargetScoreLastPeriod": false,
      "qualifiers": [],
      "clock": "PT08M17.00S",
      "actionType": "steal",
      "scoreHome": "5",
      "periodType": "REGULAR",
      "teamId": 1610612766,
      "actionNumber": 56,
      "x": null,
      "y": null,
      "personId": 1630163,
      "subType": "",
      "xLegacy": null,
      "scoreAway": "2"
    },
    {
      "playerNameI": "L. Ball",
      "orderNumber": 560000,
      "isFieldGoal": 0,
      "possession": 1610612766,
      "teamTricode": "CHA",
      "description": "L. Ball bad pass TURNOVER (1 TO)",
      "personIdsFilter": [
        1630163,
        1631110
      ],
      "areaDetail": "0-8 Center",
      "timeActual": "2024-01-13T01:18:32.7Z",
      "area": "Restricted Area",
      "period": 1,
      "side": null,
      "yLegacy": null,
      "edited": "2024-01-13T01:18:40Z",
      "playerName": "Ball",
      "isTargetScoreLastPeriod": false,
      "qualifiers": [],
      "clock": "PT08M12.00S",
      "turnoverTotal": 1,
      "actionType": "turnover",
      "scoreHome": "5",
      "periodType": "REGULAR",
      "stealPersonId": 1631110,
      "teamId": 1610612766,
      "actionNumber": 57,
      "x": null,
      "y": null,
      "subType": "bad pass",
      "personId": 1630163,
      "xLegacy": null,
      "scoreAway": "2",
      "stealPlayerName": "Sochan"
    },
    {
      "playerNameI": "J. Sochan",
      "orderNumber": 570000,
      "isFieldGoal": 0,
      "possession": 1610612759,
      "teamTricode": "SAS",
      "description": "J. Sochan STEAL (1 STL)",
      "personIdsFilter": [
        1631110
      ],
      "areaDetail": "0-8 Center",
      "timeActual": "2024-01-13T01:18:32.7Z",
      "area": "Restricted Area",
      "period": 1,
      "side": null,
      "yLegacy": null,
      "edited": "2024-01-13T01:18:35Z",
      "playerName": "Sochan",
      "isTargetScoreLastPeriod": false,
      "qualifiers": [],
      "clock": "PT08M12.00S",
      "actionType": "steal",
      "scoreHome": "5",
      "periodType": "REGULAR",
      "teamId": 1610612759,
      "actionNumber": 58,
      "x": null,
      "y": null,
      "personId": 1631110,
      "subType": "",
      "xLegacy": null,
      "scoreAway": "2"
    },
    {
      "playerNameI": "V. Wembanyama",
      "orderNumber": 580000,
      "isFieldGoal": 1,
      "shotResult": "Missed",
      "possession": 1610612759,
      "teamTricode": "SAS",
      "description": "MISS V. Wembanyama running DUNK",
      "descriptor": "running",
      "personIdsFilter": [
        1641705
      ],
      "areaDetail": "0-8 Center",
      "shotDistance": 1.37,
      "timeActual": "2024-01-13T01:18:39.0Z",
      "area": "Restricted Area",
      "period": 1,
      "side": "left",
      "yLegacy": 14,
      "edited": "2024-01-13T01:24:41Z",
      "playerName": "Wembanyama",
      "isTargetScoreLastPeriod": false,
      "qualifiers": [
        "pointsinthepaint",
        "fromturnover",
        "fastbreak"
      ],
      "clock": "PT08M06.00S",
      "actionType": "2pt",
      "scoreHome": "5",
      "periodType": "REGULAR",
      "teamId": 1610612759,
      "actionNumber": 59,
      "x": 7.046649145860711,
      "y": 50,
      "subType": "DUNK",
      "personId": 1641705,
      "xLegacy": 0,
      "scoreAway": "2"
    },
    {
      "orderNumber": 590000,
      "isFieldGoal": 0,
      "possession": 1610612766,
      "teamTricode": "CHA",
      "description": "TEAM defensive REBOUND",
      "personIdsFilter": [],
      "areaDetail": "0-8 Center",
      "timeActual": "2024-01-13T01:18:39.0Z",
      "shotActionNumber": 59,
      "area": "Restricted Area",
      "period": 1,
      "side": null,
      "yLegacy": null,
      "edited": "2024-01-13T01:18:47Z",
      "isTargetScoreLastPeriod": false,
      "qualifiers": [
        "team"
      ],
      "clock": "PT08M06.00S",
      "actionType": "rebound",
      "scoreHome": "5",
      "periodType": "REGULAR",
      "teamId": 1610612766,
      "actionNumber": 60,
      "x": null,
      "y": null,
      "subType": "defensive",
      "personId": 0,
      "xLegacy": null,
      "scoreAway": "2"
    },
    {
      "playerNameI": "L. Ball",
      "orderNumber": 610000,
      "isFieldGoal": 1,
      "shotResult": "Missed",
      "possession": 1610612766,
      "teamTricode": "CHA",
      "description": "MISS L. Ball 28' 3PT",
      "personIdsFilter": [
        1630163
      ],
      "areaDetail": "24+ Left Center",
      "shotDistance": 28.44,
      "timeActual": "2024-01-13T01:19:07.0Z",
      "area": "Above the Break 3",
      "period": 1,
      "side": "right",
      "yLegacy": 216,
      "edited": "2024-01-13T01:19:56Z",
      "playerName": "Ball",
      "isTargetScoreLastPeriod": false,
      "qualifiers": [],
      "clock": "PT07M49.00S",
      "actionType": "3pt",
      "scoreHome": "5",
      "periodType": "REGULAR",
      "teamId": 1610612766,
      "actionNumber": 63,
      "x": 71.43561103810775,
      "y": 12.990196078431374,
      "subType": "Jump Shot",
      "personId": 1630163,
      "xLegacy": -185,
      "scoreAway": "2"
    },
    {
      "orderNumber": 620000,
      "isFieldGoal": 0,
      "possession": 1610612759,
      "teamTricode": "SAS",
      "description": "TEAM defensive REBOUND",
      "personIdsFilter": [],
      "areaDetail": "24+ Left Center",
      "timeActual": "2024-01-13T01:19:09.0Z",
      "shotActionNumber": 63,
      "area": "Above the Break 3",
      "period": 1,
      "side": null,
      "yLegacy": null,
      "edited": "2024-01-13T01:19:56Z",
      "isTargetScoreLastPeriod": false,
      "qualifiers": [
        "team"
      ],
      "clock": "PT07M47.00S",
      "actionType": "rebound",
      "scoreHome": "5",
      "periodType": "REGULAR",
      "teamId": 1610612759,
      "actionNumber": 64,
      "x": null,
      "y": null,
      "subType": "defensive",
      "personId": 0,
      "xLegacy": null,
      "scoreAway": "2"
    },
    {
      "playerNameI": "D. Vassell",
      "orderNumber": 640000,
      "isFieldGoal": 1,
      "shotResult": "Made",
      "possession": 1610612759,
      "teamTricode": "SAS",
      "description": "D. Vassell Layup (2 PTS) (V. Wembanyama 1 AST)",
      "personIdsFilter": [
        1630170,
        1641705
      ],
      "areaDetail": "0-8 Center",
      "shotDistance": 2.91,
      "timeActual": "2024-01-13T01:19:27.9Z",
      "assistPersonId": 1641705,
      "area": "Restricted Area",
      "period": 1,
      "side": "left",
      "yLegacy": 14,
      "edited": "2024-01-13T01:20:07Z",
      "playerName": "Vassell",
      "isTargetScoreLastPeriod": false,
      "qualifiers": [
        "pointsinthepaint"
      ],
      "assistTotal": 1,
      "clock": "PT07M36.00S",
      "actionType": "2pt",
      "scoreHome": "7",
      "periodType": "REGULAR",
      "teamId": 1610612759,
      "actionNumber": 66,
      "x": 7.046649145860711,
      "y": 44.85294117647059,
      "subType": "Layup",
      "personId": 1630170,
      "xLegacy": 26,
      "scoreAway": "2",
      "pointsTotal": 2,
      "assistPlayerNameInitial": "V. Wembanyama"
    },
    {
      "officialId": 1627962,
      "foulTechnicalTotal": 0,
      "playerNameI": "T. Rozier",
      "orderNumber": 660000,
      "isFieldGoal": 0,
      "foulDrawnPlayerName": "Vassell",
      "possession": 1610612759,
      "teamTricode": "CHA",
      "foulPersonalTotal": 1,
      "description": "T. Rozier shooting personal FOUL (1 PF) (Vassell 1 FT)",
      "descriptor": "shooting",
      "personIdsFilter": [
        1626179,
        1630170
      ],
      "areaDetail": "0-8 Center",
      "timeActual": "2024-01-13T01:19:31.1Z",
      "area": "Restricted Area",
      "period": 1,
      "side": null,
      "yLegacy": null,
      "edited": "2024-01-13T01:19:41Z",
      "playerName": "Rozier",
      "isTargetScoreLastPeriod": false,
      "qualifiers": [
        "1freethrow"
      ],
      "clock": "PT07M36.00S",
      "actionType": "foul",
      "scoreHome": "7",
      "periodType": "REGULAR",
      "teamId": 1610612766,
      "actionNumber": 68,
      "x": null,
      "y": null,
      "subType": "personal",
      "personId": 1626179,
      "xLegacy": null,
      "scoreAway": "2",
      "foulDrawnPersonId": 1630170
    },
    {
      "playerNameI": "D. Vassell",
      "orderNumber": 680000,
      "isFieldGoal": 0,
      "shotResult": "Made",
      "possession": 1610612759,
      "teamTricode": "SAS",
      "description": "D. Vassell Free Throw 1 of 1 (3 PTS)",
      "personIdsFilter": [
        1630170
      ],
      "timeActual": "2024-01-13T01:19:51.4Z",
      "period": 1,
      "side": null,
      "yLegacy": null,
      "edited": "2024-01-13T01:19:51Z",
      "playerName": "Vassell",
      "isTargetScoreLastPeriod": false,
      "qualifiers": [],
      "clock": "PT07M36.00S",
      "actionType": "freethrow",
      "scoreHome": "8",
      "periodType": "REGULAR",
      "teamId": 1610612759,
      "actionNumber": 70,
      "x": null,
      "y": null,
      "subType": "1 of 1",
      "personId": 1630170,
      "xLegacy": null,
      "scoreAway": "2",
      "pointsTotal": 3
    },
    {
      "playerNameI": "N. Richards",
      "orderNumber": 690000,
      "isFieldGoal": 1,
      "shotResult": "Made",
      "possession": 1610612766,
      "teamTricode": "CHA",
      "description": "N. Richards alley-oop Layup (2 PTS) (T. Rozier 1 AST)",
      "descriptor": "alley-oop",
      "personIdsFilter": [
        1630208,
        1626179
      ],
      "areaDetail": "0-8 Center",
      "shotDistance": 1.73,
      "timeActual": "2024-01-13T01:20:07.0Z",
      "assistPersonId": 1626179,
      "area": "Restricted Area",
      "period": 1,
      "side": "right",
      "yLegacy": 17,
      "edited": "2024-01-13T01:20:12Z",
      "playerName": "Richards",
      "isTargetScoreLastPeriod": false,
      "qualifiers": [
        "pointsinthepaint"
      ],
      "assistTotal": 1,
      "clock": "PT07M24.00S",
      "actionType": "2pt",
      "scoreHome": "8",
      "periodType": "REGULAR",
      "teamId": 1610612766,
      "actionNumber": 71,
      "x": 92.59198423127464,
      "y": 50.49019607843137,
      "subType": "Layup",
      "personId": 1630208,
      "xLegacy": 2,
      "scoreAway": "4",
      "pointsTotal": 2,
      "assistPlayerNameInitial": "T. Rozier"
    },
    {
      "playerNameI": "T. Jones",
      "orderNumber": 710000,
      "isFieldGoal": 1,
      "shotResult": "Made",
      "possession": 1610612759,
      "teamTricode": "SAS",
      "description": "T. Jones 10' floating Jump Shot (2 PTS)",
      "descriptor": "floating",
      "personIdsFilter": [
        1630200
      ],
      "areaDetail": "8-16 Right",
      "shotDistance": 10.68,
      "timeActual": "2024-01-13T01:20:18.9Z",
      "area": "In The Paint (Non-RA)",
      "period": 1,
      "side": "left",
      "yLegacy": 87,
      "edited": "2024-01-13T01:20:26Z",
      "playerName": "Jones",
      "isTargetScoreLastPeriod": false,
      "qualifiers": [
        "pointsinthepaint"
      ],
      "clock": "PT07M12.00S",
      "actionType": "2pt",
      "scoreHome": "10",
      "periodType": "REGULAR",
      "teamId": 1610612759,
      "actionNumber": 73,
      "x": 14.799605781865965,
      "y": 37.5,
      "subType": "Jump Shot",
      "personId": 1630200,
      "xLegacy": 62,
      "scoreAway": "4",
      "pointsTotal": 2
    },
    {
      "officialId": 202049,
      "foulTechnicalTotal": 0,
      "playerNameI": "D. Vassell",
      "orderNumber": 720000,
      "isFieldGoal": 0,
      "foulDrawnPlayerName": "Miller",
      "possession": 1610612766,
      "teamTricode": "SAS",
      "foulPersonalTotal": 1,
      "description": "D. Vassell shooting personal FOUL (1 PF) (Miller 2 FT)",
      "descriptor": "shooting",
      "personIdsFilter": [
        1630170,
        1641706
      ],
      "areaDetail": "8-16 Center",
      "timeActual": "2024-01-13T01:20:33.0Z",
      "area": "In The Paint (Non-RA)",
      "period": 1,
      "side": null,
      "yLegacy": null,
      "edited": "2024-01-13T01:20:51Z",
      "playerName": "Vassell",
      "isTargetScoreLastPeriod": false,
      "qualifiers": [
        "2freethrow"
      ],
      "clock": "PT07M00.00S",
      "actionType": "foul",
      "scoreHome": "10",
      "periodType": "REGULAR",
      "teamId": 1610612759,
      "actionNumber": 74,
      "x": null,
      "y": null,
      "subType": "personal",
      "personId": 1630170,
      "xLegacy": null,
      "scoreAway": "4",
      "foulDrawnPersonId": 1641706
    },
    {
      "playerNameI": "B. Miller",
      "orderNumber": 740000,
      "isFieldGoal": 0,
      "shotResult": "Missed",
      "possession": 1610612766,
      "teamTricode": "CHA",
      "description": "MISS B. Miller Free Throw 1 of 2",
      "personIdsFilter": [
        1641706
      ],
      "timeActual": "2024-01-13T01:20:59.4Z",
      "period": 1,
      "side": null,
      "yLegacy": null,
      "edited": "2024-01-13T01:20:59Z",
      "playerName": "Miller",
      "isTargetScoreLastPeriod": false,
      "qualifiers": [],
      "clock": "PT07M00.00S",
      "actionType": "freethrow",
      "scoreHome": "10",
      "periodType": "REGULAR",
      "teamId": 1610612766,
      "actionNumber": 76,
      "x": null,
      "y": null,
      "subType": "1 of 2",
      "personId": 1641706,
      "xLegacy": null,
      "scoreAway": "4"
    },
    {
      "orderNumber": 750000,
      "isFieldGoal": 0,
      "possession": 1610612766,
      "teamTricode": "CHA",
      "description": "TEAM offensive REBOUND",
      "personIdsFilter": [],
      "timeActual": "2024-01-13T01:20:59.4Z",
      "shotActionNumber": 76,
      "period": 1,
      "side": null,
      "yLegacy": null,
      "edited": "2024-01-13T01:20:59Z",
      "isTargetScoreLastPeriod": false,
      "qualifiers": [
        "deadball",
        "team"
      ],
      "clock": "PT07M00.00S",
      "actionType": "rebound",
      "scoreHome": "10",
      "periodType": "REGULAR",
      "teamId": 1610612766,
      "actionNumber": 77,
      "x": null,
      "y": null,
      "subType": "offensive",
      "personId": 0,
      "xLegacy": null,
      "scoreAway": "4"
    },
    {
      "playerNameI": "V. Wembanyama",
      "orderNumber": 760000,
      "isFieldGoal": 0,
      "possession": 1610612766,
      "teamTricode": "SAS",
      "description": "SUB out: V. Wembanyama",
      "personIdsFilter": [
        1641705
      ],
      "timeActual": "2024-01-13T01:21:02.0Z",
      "period": 1,
      "side": null,
      "yLegacy": null,
      "edited": "2024-01-13T01:21:08Z",
      "playerName": "Wembanyama",
      "isTargetScoreLastPeriod": false,
      "qualifiers": [],
      "clock": "PT07M00.00S",
      "actionType": "substitution",
      "scoreHome": "10",
      "periodType": "REGULAR",
      "teamId": 1610612759,
      "actionNumber": 78,
      "x": null,
      "y": null,
      "subType": "out",
      "personId": 1641705,
      "xLegacy": null,
      "scoreAway": "4"
    },
    {
      "playerNameI": "D. Barlow",
      "orderNumber": 770000,
      "isFieldGoal": 0,
      "possession": 1610612766,
      "teamTricode": "SAS",
      "description": "SUB in: D. Barlow",
      "personIdsFilter": [
        1631230
      ],
      "timeActual": "2024-01-13T01:21:02.0Z",
      "period": 1,
      "side": null,
      "yLegacy": null,
      "edited": "2024-01-13T01:21:08Z",
      "playerName": "Barlow",
      "isTargetScoreLastPeriod": false,
      "qualifiers": [],
      "clock": "PT07M00.00S",
      "actionType": "substitution",
      "scoreHome": "10",
      "periodType": "REGULAR",
      "teamId": 1610612759,
      "actionNumber": 79,
      "x": null,
      "y": null,
      "subType": "in",
      "personId": 1631230,
      "xLegacy": null,
      "scoreAway": "4"
    },
    {
      "playerNameI": "B. Miller",
      "orderNumber": 780000,
      "isFieldGoal": 0,
      "shotResult": "Made",
      "possession": 1610612766,
      "teamTricode": "CHA",
      "description": "B. Miller Free Throw 2 of 2 (1 PTS)",
      "personIdsFilter": [
        1641706
      ],
      "timeActual": "2024-01-13T01:21:16.6Z",
      "period": 1,
      "side": null,
      "yLegacy": null,
      "edited": "2024-01-13T01:21:16Z",
      "playerName": "Miller",
      "isTargetScoreLastPeriod": false,
      "qualifiers": [],
      "clock": "PT07M00.00S",
      "actionType": "freethrow",
      "scoreHome": "10",
      "periodType": "REGULAR",
      "teamId": 1610612766,
      "actionNumber": 80,
      "x": null,
      "y": null,
      "subType": "2 of 2",
      "personId": 1641706,
      "xLegacy": null,
      "scoreAway": "5",
      "pointsTotal": 1
    },
    {
      "playerNameI": "J. Sochan",
      "orderNumber": 790000,
      "isFieldGoal": 0,
      "possession": 1610612759,
      "teamTricode": "SAS",
      "description": "J. Sochan lost ball TURNOVER (1 TO)",
      "personIdsFilter": [
        1631110,
        1626179
      ],
      "areaDetail": "24+ Right Center",
      "timeActual": "2024-01-13T01:21:24.9Z",
      "area": "Above the Break 3",
      "period": 1,
      "side": null,
      "yLegacy": null,
      "edited": "2024-01-13T01:22:16Z",
      "playerName": "Sochan",
      "isTargetScoreLastPeriod": false,
      "qualifiers": [],
      "clock": "PT06M53.00S",
      "turnoverTotal": 1,
      "actionType": "turnover",
      "scoreHome": "10",
      "periodType": "REGULAR",
      "stealPersonId": 1626179,
      "teamId": 1610612759,
      "actionNumber": 81,
      "x": null,
      "y": null,
      "subType": "lost ball",
      "personId": 1631110,
      "xLegacy": null,
      "scoreAway": "5",
      "stealPlayerName": "Rozier"
    },
    {
      "playerNameI": "T. Rozier",
      "orderNumber": 800000,
      "isFieldGoal": 0,
      "possession": 1610612766,
      "teamTricode": "CHA",
      "description": "T. Rozier STEAL (2 STL)",
      "personIdsFilter": [
        1626179
      ],
      "areaDetail": "24+ Right Center",
      "timeActual": "2024-01-13T01:21:24.9Z",
      "area": "Above the Break 3",
      "period": 1,
      "side": null,
      "yLegacy": null,
      "edited": "2024-01-13T01:21:26Z",
      "playerName": "Rozier",
      "isTargetScoreLastPeriod": false,
      "qualifiers": [],
      "clock": "PT06M53.00S",
      "actionType": "steal",
      "scoreHome": "10",
      "periodType": "REGULAR",
      "teamId": 1610612766,
      "actionNumber": 82,
      "x": null,
      "y": null,
      "personId": 1626179,
      "subType": "",
      "xLegacy": null,
      "scoreAway": "5"
    },
    {
      "playerNameI": "T. Rozier",
      "orderNumber": 810000,
      "isFieldGoal": 1,
      "shotResult": "Missed",
      "possession": 1610612766,
      "teamTricode": "CHA",
      "description": "MISS T. Rozier 24' pullup 3PT",
      "descriptor": "pullup",
      "personIdsFilter": [
        1626179
      ],
      "areaDetail": "24+ Right",
      "shotDistance": 24.67,
      "timeActual": "2024-01-13T01:21:30.6Z",
      "area": "Right Corner 3",
      "period": 1,
      "side": "right",
      "yLegacy": 85,
      "edited": "2024-01-13T01:22:22Z",
      "playerName": "Rozier",
      "isTargetScoreLastPeriod": false,
      "qualifiers": [
        "fromturnover"
      ],
      "clock": "PT06M47.00S",
      "actionType": "3pt",
      "scoreHome": "10",
      "periodType": "REGULAR",
      "teamId": 1610612766,
      "actionNumber": 83,
      "x": 85.3646517739816,
      "y": 96.32352941176471,
      "subType": "Jump Shot",
      "personId": 1626179,
      "xLegacy": 232,
      "scoreAway": "5"
    },
    {
      "playerNameI": "T. Jones",
      "orderNumber": 820000,
      "isFieldGoal": 0,
      "possession": 1610612759,
      "teamTricode": "SAS",
      "description": "T. Jones REBOUND (Off:0 Def:1)",
      "personIdsFilter": [
        1630200
      ],
      "areaDetail": "24+ Right",
      "reboundDefensiveTotal": 1,
      "timeActual": "2024-01-13T01:21:33.2Z",
      "shotActionNumber": 83,
      "area": "Right Corner 3",
      "reboundOffensiveTotal": 0,
      "period": 1,
      "side": null,
      "yLegacy": null,
      "edited": "2024-01-13T01:21:33Z",
      "playerName": "Jones",
      "isTargetScoreLastPeriod": false,
      "qualifiers": [],
      "clock": "PT06M45.00S",
      "actionType": "rebound",
      "scoreHome": "10",
      "periodType": "REGULAR",
      "reboundTotal": 1,
      "teamId": 1610612759,
      "actionNumber": 84,
      "x": null,
      "y": null,
      "subType": "defensive",
      "personId": 1630200,
      "xLegacy": null,
      "scoreAway": "5"
    },
    {
      "playerNameI": "T. Jones",
      "orderNumber": 830000,
      "isFieldGoal": 1,
      "shotResult": "Made",
      "possession": 1610612759,
      "teamTricode": "SAS",
      "description": "T. Jones driving finger roll Layup (4 PTS)",
      "descriptor": "driving finger roll",
      "personIdsFilter": [
        1630200
      ],
      "areaDetail": "0-8 Center",
      "shotDistance": 1.33,
      "timeActual": "2024-01-13T01:21:38.9Z",
      "area": "Restricted Area",
      "period": 1,
      "side": "left",
      "yLegacy": 5,
      "edited": "2024-01-13T01:22:30Z",
      "playerName": "Jones",
      "isTargetScoreLastPeriod": false,
      "qualifiers": [
        "pointsinthepaint"
      ],
      "clock": "PT06M40.00S",
      "actionType": "2pt",
      "scoreHome": "12",
      "periodType": "REGULAR",
      "teamId": 1610612759,
      "actionNumber": 85,
      "x": 6.1268068331143235,
      "y": 47.549019607843135,
      "subType": "Layup",
      "personId": 1630200,
      "xLegacy": 12,
      "scoreAway": "5",
      "pointsTotal": 4
    },
    {
      "playerNameI": "L. Ball",
      "orderNumber": 840000,
      "isFieldGoal": 1,
      "shotResult": "Made",
      "possession": 1610612766,
      "teamTricode": "CHA",
      "description": "L. Ball 24' 3PT  (3 PTS) (B. Miller 1 AST)",
      "personIdsFilter": [
        1630163,
        1641706
      ],
      "areaDetail": "24+ Right",
      "shotDistance": 24.41,
      "timeActual": "2024-01-13T01:21:56.7Z",
      "assistPersonId": 1641706,
      "area": "Right Corner 3",
      "period": 1,
      "side": "right",
      "yLegacy": 69,
      "edited": "2024-01-13T01:22:23Z",
      "playerName": "Ball",
      "isTargetScoreLastPeriod": false,
      "qualifiers": [],
      "assistTotal": 1,
      "clock": "PT06M21.00S",
      "actionType": "3pt",
      "scoreHome": "12",
      "periodType": "REGULAR",
      "teamId": 1610612766,
      "actionNumber": 86,
      "x": 87.07293035479631,
      "y": 96.81372549019608,
      "subType": "Jump Shot",
      "personId": 1630163,
      "xLegacy": 234,
      "scoreAway": "8",
      "pointsTotal": 3,
      "assistPlayerNameInitial": "B. Miller"
    },
    {
      "orderNumber": 860000,
      "isFieldGoal": 0,
      "possession": 1610612759,
      "teamTricode": "SAS",
      "description": "SAS Timeout",
      "personIdsFilter": [],
      "timeActual": "2024-01-13T01:22:01.7Z",
      "period": 1,
      "side": null,
      "yLegacy": null,
      "edited": "2024-01-13T01:22:01Z",
      "isTargetScoreLastPeriod": false,
      "qualifiers": [
        "team",
        "mandatory"
      ],
      "clock": "PT06M21.00S",
      "actionType": "timeout",
      "scoreHome": "12",
      "periodType": "REGULAR",
      "teamId": 1610612759,
      "actionNumber": 88,
      "x": null,
      "y": null,
      "subType": "full",
      "personId": 0,
      "xLegacy": null,
      "scoreAway": "8"
    },
    {
      "playerNameI": "J. Champagnie",
      "orderNumber": 870000,
      "isFieldGoal": 0,
      "possession": 1610612759,
      "teamTricode": "SAS",
      "description": "SUB out: J. Champagnie",
      "personIdsFilter": [
        1630577
      ],
      "timeActual": "2024-01-13T01:24:28.1Z",
      "period": 1,
      "side": null,
      "yLegacy": null,
      "edited": "2024-01-13T01:24:55Z",
      "playerName": "Champagnie",
      "isTargetScoreLastPeriod": false,
      "qualifiers": [],
      "clock": "PT06M21.00S",
      "actionType": "substitution",
      "scoreHome": "12",
      "periodType": "REGULAR",
      "teamId": 1610612759,
      "actionNumber": 89,
      "x": null,
      "y": null,
      "subType": "out",
      "personId": 1630577,
      "xLegacy": null,
      "scoreAway": "8"
    },
    {
      "playerNameI": "L. Ball",
      "orderNumber": 880000,
      "isFieldGoal": 0,
      "possession": 1610612759,
      "teamTricode": "CHA",
      "description": "SUB out: L. Ball",
      "personIdsFilter": [
        1630163
      ],
      "timeActual": "2024-01-13T01:24:28.1Z",
      "period": 1,
      "side": null,
      "yLegacy": null,
      "edited": "2024-01-13T01:24:55Z",
      "playerName": "Ball",
      "isTargetScoreLastPeriod": false,
      "qualifiers": [],
      "clock": "PT06M21.00S",
      "actionType": "substitution",
      "scoreHome": "12",
      "periodType": "REGULAR",
      "teamId": 1610612766,
      "actionNumber": 90,
      "x": null,
      "y": null,
      "subType": "out",
      "personId": 1630163,
      "xLegacy": null,
      "scoreAway": "8"
    },
    {
      "playerNameI": "K. Johnson",
      "orderNumber": 890000,
      "isFieldGoal": 0,
      "possession": 1610612759,
      "teamTricode": "SAS",
      "description": "SUB in: K. Johnson",
      "personIdsFilter": [
        1629640
      ],
      "timeActual": "2024-01-13T01:24:28.1Z",
      "period": 1,
      "side": null,
      "yLegacy": null,
      "edited": "2024-01-13T01:24:55Z",
      "playerName": "Johnson",
      "isTargetScoreLastPeriod": false,
      "qualifiers": [],
      "clock": "PT06M21.00S",
      "actionType": "substitution",
      "scoreHome": "12",
      "periodType": "REGULAR",
      "teamId": 1610612759,
      "actionNumber": 91,
      "x": null,
      "y": null,
      "subType": "in",
      "personId": 1629640,
      "xLegacy": null,
      "scoreAway": "8"
    },
    {
      "playerNameI": "I. Smith",
      "orderNumber": 900000,
      "isFieldGoal": 0,
      "possession": 1610612759,
      "teamTricode": "CHA",
      "description": "SUB in: I. Smith",
      "personIdsFilter": [
        202397
      ],
      "timeActual": "2024-01-13T01:24:28.1Z",
      "period": 1,
      "side": null,
      "yLegacy": null,
      "edited": "2024-01-13T01:24:55Z",
      "playerName": "Smith",
      "isTargetScoreLastPeriod": false,
      "qualifiers": [],
      "clock": "PT06M21.00S",
      "actionType": "substitution",
      "scoreHome": "12",
      "periodType": "REGULAR",
      "teamId": 1610612766,
      "actionNumber": 92,
      "x": null,
      "y": null,
      "subType": "in",
      "personId": 202397,
      "xLegacy": null,
      "scoreAway": "8"
    },
    {
      "playerNameI": "D. Vassell",
      "orderNumber": 910000,
      "isFieldGoal": 1,
      "shotResult": "Made",
      "possession": 1610612759,
      "teamTricode": "SAS",
      "description": "D. Vassell 10' pullup Jump Shot (5 PTS)",
      "descriptor": "pullup",
      "personIdsFilter": [
        1630170
      ],
      "areaDetail": "8-16 Center",
      "shotDistance": 10.51,
      "timeActual": "2024-01-13T01:25:09.6Z",
      "area": "In The Paint (Non-RA)",
      "period": 1,
      "side": "left",
      "yLegacy": 105,
      "edited": "2024-01-13T01:25:14Z",
      "playerName": "Vassell",
      "isTargetScoreLastPeriod": false,
      "qualifiers": [
        "pointsinthepaint"
      ],
      "clock": "PT06M06.00S",
      "actionType": "2pt",
      "scoreHome": "14",
      "periodType": "REGULAR",
      "teamId": 1610612759,
      "actionNumber": 93,
      "x": 16.770696452036795,
      "y": 49.50980392156863,
      "subType": "Jump Shot",
      "personId": 1630170,
      "xLegacy": 2,
      "scoreAway": "8",
      "pointsTotal": 5
    },
    {
      "playerNameI": "M. Bridges",
      "orderNumber": 920000,
      "isFieldGoal": 1,
      "shotResult": "Missed",
      "possession": 1610612766,
      "teamTricode": "CHA",
      "description": "MISS M. Bridges driving Layup",
      "descriptor": "driving",
      "personIdsFilter": [
        1628970
      ],
      "areaDetail": "0-8 Center",
      "shotDistance": 3.82,
      "timeActual": "2024-01-13T01:25:26.9Z",
      "area": "Restricted Area",
      "period": 1,
      "side": "right",
      "yLegacy": 26,
      "edited": "2024-01-13T01:25:34Z",
      "playerName": "Bridges",
      "isTargetScoreLastPeriod": false,
      "qualifiers": [
        "pointsinthepaint"
      ],
      "clock": "PT05M48.00S",
      "actionType": "2pt",
      "scoreHome": "14",
      "periodType": "REGULAR",
      "teamId": 1610612766,
      "actionNumber": 94,
      "x": 91.67214191852825,
      "y": 55.63725490196079,
      "subType": "Layup",
      "personId": 1628970,
      "xLegacy": 28,
      "scoreAway": "8"
    },
    {
      "playerNameI": "N. Richards",
      "orderNumber": 930000,
      "isFieldGoal": 0,
      "possession": 1610612766,
      "teamTricode": "CHA",
      "description": "N. Richards REBOUND (Off:1 Def:1)",
      "personIdsFilter": [
        1630208
      ],
      "areaDetail": "0-8 Center",
      "reboundDefensiveTotal": 1,
      "timeActual": "2024-01-13T01:25:31.9Z",
      "shotActionNumber": 94,
      "area": "Restricted Area",
      "reboundOffensiveTotal": 1,
      "period": 1,
      "side": null,
      "yLegacy": null,
      "edited": "2024-01-13T01:25:34Z",
      "playerName": "Richards",
      "isTargetScoreLastPeriod": false,
      "qualifiers": [],
      "clock": "PT05M43.00S",
      "actionType": "rebound",
      "scoreHome": "14",
      "periodType": "REGULAR",
      "reboundTotal": 2,
      "teamId": 1610612766,
      "actionNumber": 95,
      "x": null,
      "y": null,
      "subType": "offensive",
      "personId": 1630208,
      "xLegacy": null,
      "scoreAway": "8"
    },
    {
      "playerNameI": "N. Richards",
      "orderNumber": 940000,
      "isFieldGoal": 1,
      "shotResult": "Made",
      "possession": 1610612766,
      "teamTricode": "CHA",
      "description": "N. Richards putback Layup (4 PTS)",
      "descriptor": "putback",
      "personIdsFilter": [
        1630208
      ],
      "areaDetail": "8-16 Left",
      "shotDistance": 0,
      "timeActual": "2024-01-13T01:25:32.5Z",
      "area": "Mid-Range",
      "period": 1,
      "side": "right",
      "yLegacy": 0,
      "edited": "2024-01-13T01:25:32Z",
      "playerName": "Richards",
      "isTargetScoreLastPeriod": false,
      "qualifiers": [
        "pointsinthepaint",
        "2ndchance"
      ],
      "clock": "PT05M43.00S",
      "actionType": "2pt",
      "scoreHome": "14",
      "periodType": "REGULAR",
      "teamId": 1610612766,
      "actionNumber": 96,
      "x": 94.40999984741211,
      "y": 50,
      "subType": "Layup",
      "personId": 1630208,
      "xLegacy": 0,
      "scoreAway": "10",
      "pointsTotal": 4
    },
    {
      "playerNameI": "T. Jones",
      "orderNumber": 960000,
      "isFieldGoal": 0,
      "possession": 1610612759,
      "teamTricode": "SAS",
      "description": "SUB out: T. Jones",
      "personIdsFilter": [
        1630200
      ],
      "timeActual": "2024-01-13T01:25:51.3Z",
      "period": 1,
      "side": null,
      "yLegacy": null,
      "edited": "2024-01-13T01:25:55Z",
      "playerName": "Jones",
      "isTargetScoreLastPeriod": false,
      "qualifiers": [],
      "clock": "PT05M31.00S",
      "actionType": "substitution",
      "scoreHome": "14",
      "periodType": "REGULAR",
      "teamId": 1610612759,
      "actionNumber": 98,
      "x": null,
      "y": null,
      "subType": "out",
      "personId": 1630200,
      "xLegacy": null,
      "scoreAway": "10"
    },
    {
      "playerNameI": "M. Branham",
      "orderNumber": 970000,
      "isFieldGoal": 0,
      "possession": 1610612759,
      "teamTricode": "SAS",
      "description": "SUB in: M. Branham",
      "personIdsFilter": [
        1631103
      ],
      "timeActual": "2024-01-13T01:25:51.3Z",
      "period": 1,
      "side": null,
      "yLegacy": null,
      "edited": "2024-01-13T01:25:55Z",
      "playerName": "Branham",
      "isTargetScoreLastPeriod": false,
      "qualifiers": [],
      "clock": "PT05M31.00S",
      "actionType": "substitution",
      "scoreHome": "14",
      "periodType": "REGULAR",
      "teamId": 1610612759,
      "actionNumber": 99,
      "x": null,
      "y": null,
      "subType": "in",
      "personId": 1631103,
      "xLegacy": null,
      "scoreAway": "10"
    },
    {
      "playerNameI": "M. Branham",
      "orderNumber": 980000,
      "isFieldGoal": 1,
      "shotResult": "Missed",
      "possession": 1610612759,
      "teamTricode": "SAS",
      "description": "MISS M. Branham floating Shot",
      "descriptor": "floating",
      "personIdsFilter": [
        1631103
      ],
      "areaDetail": "0-8 Center",
      "shotDistance": 5.58,
      "timeActual": "2024-01-13T01:26:14.3Z",
      "area": "In The Paint (Non-RA)",
      "period": 1,
      "side": "left",
      "yLegacy": 56,
      "edited": "2024-01-13T01:26:19Z",
      "playerName": "Branham",
      "isTargetScoreLastPeriod": false,
      "qualifiers": [
        "pointsinthepaint"
      ],
      "clock": "PT05M22.00S",
      "actionType": "2pt",
      "scoreHome": "14",
      "periodType": "REGULAR",
      "teamId": 1610612759,
      "actionNumber": 100,
      "x": 11.514454664914586,
      "y": 50.73529411764706,
      "subType": "Jump Shot",
      "personId": 1631103,
      "xLegacy": -4,
      "scoreAway": "10"
    },
    {
      "playerNameI": "N. Richards",
      "orderNumber": 990000,
      "isFieldGoal": 0,
      "possession": 1610612766,
      "teamTricode": "CHA",
      "description": "N. Richards REBOUND (Off:1 Def:2)",
      "personIdsFilter": [
        1630208
      ],
      "areaDetail": "0-8 Center",
      "reboundDefensiveTotal": 2,
      "timeActual": "2024-01-13T01:26:17.5Z",
      "shotActionNumber": 100,
      "area": "In The Paint (Non-RA)",
      "reboundOffensiveTotal": 1,
      "period": 1,
      "side": null,
      "yLegacy": null,
      "edited": "2024-01-13T01:26:17Z",
      "playerName": "Richards",
      "isTargetScoreLastPeriod": false,
      "qualifiers": [],
      "clock": "PT05M18.00S",
      "actionType": "rebound",
      "scoreHome": "14",
      "periodType": "REGULAR",
      "reboundTotal": 3,
      "teamId": 1610612766,
      "actionNumber": 101,
      "x": null,
      "y": null,
      "subType": "defensive",
      "personId": 1630208,
      "xLegacy": null,
      "scoreAway": "10"
    },
    {
      "officialId": 202049,
      "playerNameI": "B. Miller",
      "orderNumber": 1000000,
      "isFieldGoal": 0,
      "possession": 1610612766,
      "teamTricode": "CHA",
      "description": "B. Miller bad pass out-of-bounds TURNOVER (1 TO)",
      "descriptor": "bad pass",
      "personIdsFilter": [
        1641706
      ],
      "areaDetail": "0-8 Center",
      "timeActual": "2024-01-13T01:26:26.8Z",
      "area": "Restricted Area",
      "period": 1,
      "side": null,
      "yLegacy": null,
      "edited": "2024-01-13T01:26:36Z",
      "playerName": "Miller",
      "isTargetScoreLastPeriod": false,
      "qualifiers": [],
      "clock": "PT05M11.00S",
      "turnoverTotal": 1,
      "actionType": "turnover",
      "scoreHome": "14",
      "periodType": "REGULAR",
      "teamId": 1610612766,
      "actionNumber": 102,
      "x": null,
[...]
      "scoreAway": "95"
    },
    {
      "playerNameI": "D. Graham",
      "orderNumber": 6880000,
      "isFieldGoal": 1,
      "shotResult": "Made",
      "possession": 1610612759,
      "teamTricode": "SAS",
      "description": "D. Graham 26' 3PT pullup (5 PTS)",
      "descriptor": "pullup",
      "personIdsFilter": [
        1628984
      ],
      "areaDetail": "24+ Left Center",
      "shotDistance": 26.41,
      "timeActual": "2024-01-13T03:29:05.3Z",
      "area": "Above the Break 3",
      "period": 4,
      "side": "right",
      "yLegacy": 216,
      "edited": "2024-01-13T03:29:10Z",
      "playerName": "Graham",
      "isTargetScoreLastPeriod": false,
      "qualifiers": [
        "fromturnover"
      ],
      "clock": "PT01M53.00S",
      "actionType": "3pt",
      "scoreHome": "130",
      "periodType": "REGULAR",
      "teamId": 1610612759,
      "actionNumber": 698,
      "x": 71.43561103810775,
      "y": 19.607843137254903,
      "subType": "Jump Shot",
      "personId": 1628984,
      "xLegacy": -152,
      "scoreAway": "95",
      "pointsTotal": 5
    },
    {
      "playerNameI": "J. Thor",
      "orderNumber": 6890000,
      "isFieldGoal": 0,
      "possession": 1610612766,
      "teamTricode": "CHA",
      "description": "J. Thor bad pass TURNOVER (1 TO)",
      "personIdsFilter": [
        1630550,
        1628984
      ],
      "areaDetail": "16-24 Right",
      "timeActual": "2024-01-13T03:29:26.0Z",
      "area": "Mid-Range",
      "period": 4,
      "side": null,
      "yLegacy": null,
      "edited": "2024-01-13T03:29:30Z",
      "playerName": "Thor",
      "isTargetScoreLastPeriod": false,
      "qualifiers": [],
      "clock": "PT01M37.00S",
      "turnoverTotal": 1,
      "actionType": "turnover",
      "scoreHome": "130",
      "periodType": "REGULAR",
      "stealPersonId": 1628984,
      "teamId": 1610612766,
      "actionNumber": 699,
      "x": null,
      "y": null,
      "subType": "bad pass",
      "personId": 1630550,
      "xLegacy": null,
      "scoreAway": "95",
      "stealPlayerName": "Graham"
    },
    {
      "playerNameI": "D. Graham",
      "orderNumber": 6900000,
      "isFieldGoal": 0,
      "possession": 1610612759,
      "teamTricode": "SAS",
      "description": "D. Graham STEAL (1 STL)",
      "personIdsFilter": [
        1628984
      ],
      "areaDetail": "16-24 Right",
      "timeActual": "2024-01-13T03:29:26.0Z",
      "area": "Mid-Range",
      "period": 4,
      "side": null,
      "yLegacy": null,
      "edited": "2024-01-13T03:29:27Z",
      "playerName": "Graham",
      "isTargetScoreLastPeriod": false,
      "qualifiers": [],
      "clock": "PT01M37.00S",
      "actionType": "steal",
      "scoreHome": "130",
      "periodType": "REGULAR",
      "teamId": 1610612759,
      "actionNumber": 700,
      "x": null,
      "y": null,
      "personId": 1628984,
      "subType": "",
      "xLegacy": null,
      "scoreAway": "95"
    },
    {
      "playerNameI": "D. Graham",
      "orderNumber": 6910000,
      "isFieldGoal": 1,
      "shotResult": "Made",
      "possession": 1610612759,
      "teamTricode": "SAS",
      "description": "D. Graham 3PT running (8 PTS) (M. Diakite 1 AST)",
      "descriptor": "running",
      "personIdsFilter": [
        1628984,
        1629603
      ],
      "areaDetail": "24+ Left",
      "shotDistance": 23.65,
      "timeActual": "2024-01-13T03:29:31.9Z",
      "assistPersonId": 1629603,
      "area": "Left Corner 3",
      "period": 4,
      "side": "right",
      "yLegacy": 2,
      "edited": "2024-01-13T03:30:52Z",
      "playerName": "Graham",
      "isTargetScoreLastPeriod": false,
      "qualifiers": [
        "fromturnover",
        "fastbreak"
      ],
      "assistTotal": 1,
      "clock": "PT01M31.00S",
      "actionType": "3pt",
      "scoreHome": "133",
      "periodType": "REGULAR",
      "teamId": 1610612759,
      "actionNumber": 701,
      "x": 94.1688567674113,
      "y": 2.696078431372549,
      "subType": "Jump Shot",
      "personId": 1628984,
      "xLegacy": -237,
      "scoreAway": "95",
      "pointsTotal": 8,
      "assistPlayerNameInitial": "M. Diakite"
    },
    {
      "playerNameI": "N. Smith Jr.",
      "orderNumber": 6930000,
      "isFieldGoal": 1,
      "shotResult": "Made",
      "possession": 1610612766,
      "teamTricode": "CHA",
      "description": "N. Smith Jr. floating Jump Shot (9 PTS)",
      "descriptor": "floating",
      "personIdsFilter": [
        1641733
      ],
      "areaDetail": "0-8 Center",
      "shotDistance": 4.87,
      "timeActual": "2024-01-13T03:29:40.5Z",
      "area": "In The Paint (Non-RA)",
      "period": 4,
      "side": "left",
      "yLegacy": 48,
      "edited": "2024-01-13T03:29:44Z",
      "playerName": "Smith Jr.",
      "isTargetScoreLastPeriod": false,
      "qualifiers": [
        "pointsinthepaint"
      ],
      "clock": "PT01M26.00S",
      "actionType": "2pt",
      "scoreHome": "133",
      "periodType": "REGULAR",
      "teamId": 1610612766,
      "actionNumber": 703,
      "x": 10.726018396846255,
      "y": 48.77450980392157,
      "subType": "Jump Shot",
      "personId": 1641733,
      "xLegacy": 6,
      "scoreAway": "97",
      "pointsTotal": 9
    },
    {
      "playerNameI": "D. Graham",
      "orderNumber": 6940000,
      "isFieldGoal": 1,
      "shotResult": "Missed",
      "possession": 1610612759,
      "teamTricode": "SAS",
      "description": "MISS D. Graham 27' pullup 3PT",
      "descriptor": "pullup",
      "personIdsFilter": [
        1628984
      ],
      "areaDetail": "24+ Left Center",
      "shotDistance": 27.62,
      "timeActual": "2024-01-13T03:29:53.9Z",
      "area": "Above the Break 3",
      "period": 4,
      "side": "right",
      "yLegacy": 262,
      "edited": "2024-01-13T03:34:20Z",
      "playerName": "Graham",
      "isTargetScoreLastPeriod": false,
      "qualifiers": [],
      "clock": "PT01M15.00S",
      "actionType": "3pt",
      "scoreHome": "133",
      "periodType": "REGULAR",
      "teamId": 1610612759,
      "actionNumber": 704,
      "x": 66.5735873850197,
      "y": 32.35294117647059,
      "subType": "Jump Shot",
      "personId": 1628984,
      "xLegacy": -88,
      "scoreAway": "97"
    },
    {
      "playerNameI": "S. Mamukelashvili",
      "orderNumber": 6950000,
      "isFieldGoal": 0,
      "possession": 1610612759,
      "teamTricode": "SAS",
      "description": "S. Mamukelashvili REBOUND (Off:1 Def:1)",
      "personIdsFilter": [
        1630572
      ],
      "areaDetail": "24+ Left Center",
      "reboundDefensiveTotal": 1,
      "timeActual": "2024-01-13T03:29:56.9Z",
      "shotActionNumber": 704,
      "area": "Above the Break 3",
      "reboundOffensiveTotal": 1,
      "period": 4,
      "side": null,
      "yLegacy": null,
      "edited": "2024-01-13T03:34:20Z",
      "playerName": "Mamukelashvili",
      "isTargetScoreLastPeriod": false,
      "qualifiers": [],
      "clock": "PT01M12.00S",
      "actionType": "rebound",
      "scoreHome": "133",
      "periodType": "REGULAR",
      "reboundTotal": 2,
      "teamId": 1610612759,
      "actionNumber": 705,
      "x": null,
      "y": null,
      "subType": "offensive",
      "personId": 1630572,
      "xLegacy": null,
      "scoreAway": "97"
    },
    {
      "playerNameI": "B. Wesley",
      "orderNumber": 6960000,
      "isFieldGoal": 1,
      "shotResult": "Made",
      "possession": 1610612759,
      "teamTricode": "SAS",
      "description": "B. Wesley driving Layup (4 PTS)",
      "descriptor": "driving",
      "personIdsFilter": [
        1631104
      ],
      "areaDetail": "0-8 Center",
      "shotDistance": 3.2,
      "timeActual": "2024-01-13T03:30:08.2Z",
      "area": "Restricted Area",
      "period": 4,
      "side": "right",
      "yLegacy": 29,
      "edited": "2024-01-13T03:32:15Z",
      "playerName": "Wesley",
      "isTargetScoreLastPeriod": false,
      "qualifiers": [
        "pointsinthepaint",
        "2ndchance"
      ],
      "clock": "PT01M02.00S",
      "actionType": "2pt",
      "scoreHome": "135",
      "periodType": "REGULAR",
      "teamId": 1610612759,
      "actionNumber": 706,
      "x": 91.27792378449409,
      "y": 47.549019607843135,
      "subType": "Layup",
      "personId": 1631104,
      "xLegacy": -12,
      "scoreAway": "97",
      "pointsTotal": 4
    },
    {
      "playerNameI": "J. Thor",
      "orderNumber": 6970000,
      "isFieldGoal": 1,
      "shotResult": "Made",
      "possession": 1610612766,
      "teamTricode": "CHA",
      "description": "J. Thor DUNK (5 PTS) (N. Smith Jr. 5 AST)",
      "personIdsFilter": [
        1630550,
        1641733
      ],
      "areaDetail": "0-8 Center",
      "shotDistance": 1.52,
      "timeActual": "2024-01-13T03:30:23.5Z",
      "assistPersonId": 1641733,
      "area": "Restricted Area",
      "period": 4,
      "side": "left",
      "yLegacy": 15,
      "edited": "2024-01-13T03:30:29Z",
      "playerName": "Thor",
      "isTargetScoreLastPeriod": false,
      "qualifiers": [
        "pointsinthepaint"
      ],
      "assistTotal": 5,
      "clock": "PT00M50.00S",
      "actionType": "2pt",
      "scoreHome": "135",
      "periodType": "REGULAR",
      "teamId": 1610612766,
      "actionNumber": 707,
      "x": 7.178055190538765,
      "y": 49.50980392156863,
      "subType": "DUNK",
      "personId": 1630550,
      "xLegacy": 2,
      "scoreAway": "99",
      "pointsTotal": 5,
      "assistPlayerNameInitial": "N. Smith Jr."
    },
    {
      "officialId": 202049,
      "orderNumber": 6990000,
      "isFieldGoal": 0,
      "possession": 1610612759,
      "teamTricode": "SAS",
      "description": "SAS shot clock Team TURNOVER",
      "personIdsFilter": [],
      "areaDetail": "24+ Center",
      "timeActual": "2024-01-13T03:30:53.0Z",
      "area": "Above the Break 3",
      "period": 4,
      "side": null,
      "yLegacy": null,
      "edited": "2024-01-13T03:32:48Z",
      "isTargetScoreLastPeriod": false,
      "qualifiers": [
        "team"
      ],
      "clock": "PT00M26.00S",
      "actionType": "turnover",
      "scoreHome": "135",
      "periodType": "REGULAR",
      "teamId": 1610612759,
      "actionNumber": 709,
      "x": null,
      "y": null,
      "subType": "shot clock",
      "personId": 0,
      "xLegacy": null,
      "scoreAway": "99"
    },
    {
      "officialId": 202049,
      "orderNumber": 7000000,
      "isFieldGoal": 0,
      "possession": 1610612766,
      "teamTricode": "CHA",
      "description": "CHA shot clock Team TURNOVER",
      "personIdsFilter": [],
      "areaDetail": "24+ Left Center",
      "timeActual": "2024-01-13T03:31:17.3Z",
      "area": "Above the Break 3",
      "period": 4,
      "side": null,
      "yLegacy": null,
      "edited": "2024-01-13T03:33:20Z",
      "isTargetScoreLastPeriod": false,
      "qualifiers": [
        "team"
      ],
      "clock": "PT00M02.10S",
      "actionType": "turnover",
      "scoreHome": "135",
      "periodType": "REGULAR",
      "teamId": 1610612766,
      "actionNumber": 710,
      "x": null,
      "y": null,
      "subType": "shot clock",
      "personId": 0,
      "xLegacy": null,
      "scoreAway": "99"
    },
    {
      "period": 4,
      "side": null,
      "orderNumber": 7010000,
      "yLegacy": null,
      "isFieldGoal": 0,
      "edited": "2024-01-13T03:31:43Z",
      "isTargetScoreLastPeriod": false,
      "possession": 1610612759,
      "qualifiers": [],
      "description": "Period End",
      "clock": "PT00M00.00S",
      "personIdsFilter": [],
      "actionType": "period",
      "scoreHome": "135",
      "periodType": "REGULAR",
      "actionNumber": 711,
      "x": null,
      "timeActual": "2024-01-13T03:31:43.3Z",
      "y": null,
      "subType": "end",
      "personId": 0,
      "xLegacy": null,
      "scoreAway": "99"
    },
    {
      "period": 4,
      "side": null,
      "orderNumber": 7020000,
      "yLegacy": null,
      "isFieldGoal": 0,
      "edited": "2024-01-13T03:31:47Z",
      "isTargetScoreLastPeriod": false,
      "possession": 0,
      "qualifiers": [],
      "description": "Game End",
      "clock": "PT00M00.00S",
      "personIdsFilter": [],
      "actionType": "game",
      "scoreHome": "135",
      "periodType": "REGULAR",
      "actionNumber": 712,
      "x": null,
      "timeActual": "2024-01-13T03:31:47.7Z",
      "y": null,
      "subType": "end",
      "personId": 0,
      "xLegacy": null,
      "scoreAway": "99"
    }
  ]
}

1630163 steal
1630200 foul
1641705 turnover
1641706 foul
1630577 FT make
1626179 2PT make
1630163 assist
1630577 FT make
1630208 foul
1630577 FT make
1641705 FT make
1641705 dreb
1641705 FT make
1626179 3PT miss
1630208 dreb
1630577 3PT miss
1641706 3PT miss
1630170 2PT miss
1630208 block
1628970 dreb
1641705 3PT miss
1641706 2PT miss
1641705 dreb
1641705 2PT miss
1626179 dreb
1641705 dreb
1630163 3PT miss
1630170 turnover
1626179 steal
1641706 oreb
1630163 2PT miss
1641706 2PT miss
1641706 oreb
1641706 2PT miss
1630163 foul
1628970 dreb
1630163 steal
1630170 dreb
1630163 turnover
1641705 turnover
1630170 3PT miss
1628970 2PT miss
1631110 steal
1641705 2PT miss
1630163 3PT miss
1626179 foul
1630170 2PT make
1641705 assist
1630170 FT make
1630170 foul
1630208 2PT make
1630200 2PT make
1626179 assist
1641706 FT miss
1641706 FT make
1631110 turnover
1626179 steal
1626179 3PT miss
1630200 dreb
1630200 2PT make
1630163 2PT make
1641706 assist
1628970 2PT miss
1630170 2PT make
1630208 oreb
1630208 2PT make
1630208 dreb
1641706 turnover
1628970 2PT miss
1631103 2PT miss
1631110 dreb
1631110 block
1631103 2PT make
1630170 foul
1630170 assist
1630170 2PT make
1631110 assist
1630208 FT make
1630208 FT make
1631230 2PT miss
1630550 foul
1626224 FT make
1628970 dreb
1626224 FT miss
1630550 2PT miss
1630550 oreb
1631230 block
1641877 oreb
1630550 2PT miss
1630163 turnover
1631103 2PT miss
1628970 dreb
1631230 block
1628970 2PT miss
1630163 2PT make
1626224 2PT make
202397 assist
1631104 foul
1630163 turnover
1631230 dreb
1630163 steal
1631103 2PT make
202397 2PT miss
1629640 turnover
1629640 foul
1629640 assist
1630163 FT make
1630163 FT miss
1626224 dreb
1631230 foul
1629640 2PT miss
1628970 FT make
1641877 foul
1628970 FT make
1629640 FT make
1631104 foul
1629640 FT make
1630163 FT make
1641877 foul
1630163 FT make
1631230 FT miss
1631230 FT make
1630163 2PT make
1629640 3PT miss
1630208 oreb
203926 dreb
1641706 2PT miss
1629640 turnover
1630208 2PT miss
1630208 oreb
1630550 3PT miss
1630208 2PT miss
1641705 block
1641705 dreb
1630208 foul
1641705 FT make
1641705 FT make
1641705 turnover
1641706 steal
1630550 2PT make
1629640 foul
1630163 assist
1630163 FT make
1630163 FT make
1641705 dreb
1630163 3PT miss
1641705 2PT miss
1641705 oreb
1641705 oreb
1641705 2PT miss
1626179 2PT miss
1641705 2PT make
1630200 dreb
1630208 2PT miss
1631103 2PT make
1630200 assist
1641705 block
1630208 oreb
1630208 2PT make
1630163 foul
1641705 2PT make
1630163 2PT make
1631103 assist
1626179 2PT miss
1641705 dreb
1631110 2PT make
1630200 assist
1630208 dreb
1630200 3PT miss
203926 dreb
202397 2PT miss
1631110 2PT make
1641733 oreb
1628970 3PT miss
1631110 dreb
1641733 2PT miss
1641733 foul
1641705 2PT make
1626179 2PT make
1631110 assist
1630208 assist
1626179 foul
1630170 FT make
1630170 FT make
1630170 dreb
1641877 2PT miss
203926 2PT make
1631230 dreb
1630200 assist
1641733 3PT miss
1630170 2PT miss
203926 2PT make
202397 2PT miss
1628970 oreb
1630170 assist
1631230 foul
1628970 2PT make
1628970 FT make
203926 2PT make
1631230 assist
1631230 dreb
1641877 2PT miss
1641877 dreb
1626179 2PT make
203926 3PT miss
1641733 assist
1631230 oreb
1630170 2PT miss
1631230 2PT make
1628970 2PT make
203926 2PT make
202397 assist
1631110 dreb
1631103 assist
202397 2PT miss
203926 3PT miss
1631121 foul
1631110 FT make
1631110 FT miss
1628970 dreb
1626179 2PT make
1630163 dreb
1631230 2PT miss
1631230 dreb
1641877 2PT miss
1630170 steal
1631103 turnover
1631121 steal
1626179 turnover
1628970 foul
1631230 FT make
1641877 foul
1631230 FT make
1641877 turnover
1626179 block
1630170 2PT miss
1631103 dreb
1630163 2PT miss
1631110 2PT make
1630163 2PT miss
1631103 assist
1630163 foul
1630163 turnover
1628970 2PT make
1641705 2PT make
1626179 assist
1631110 assist
1641705 2PT make
1630200 assist
1630163 3PT miss
1631110 dreb
1630577 dreb
1641705 foul
1641705 2PT make
1626179 FT make
1630170 assist
1626179 FT miss
1641705 2PT make
1630200 dreb
1628970 3PT miss
1630200 assist
1626179 3PT miss
1641705 2PT make
1630170 dreb
1630163 dreb
1631110 3PT miss
1630163 3PT miss
1631110 dreb
1630577 3PT miss
1641705 oreb
1630208 foul
1641705 FT make
1626179 2PT make
1641705 FT make
1630163 assist
1631121 2PT make
1630170 2PT make
1630163 assist
1631110 2PT make
1630200 assist
1626179 3PT miss
1630200 assist
1631110 dreb
1630577 foul
1630577 2PT make
1630170 assist
1630163 FT make
1630163 dreb
1630200 2PT miss
1630163 FT make
1630163 turnover
1630200 steal
1630577 3PT miss
1630200 foul
1630208 2PT make
1628970 dreb
1630170 3PT miss
1630163 assist
1630163 3PT miss
1629640 dreb
1631230 2PT miss
1628970 dreb
1626224 foul
1628970 FT make
1631121 turnover
1628970 FT make
1629640 2PT make
1630170 steal
1631103 assist
1626179 dreb
1631103 2PT miss
1630208 oreb
1628970 2PT miss
1630208 2PT make
1629640 2PT make
1628970 3PT miss
1626224 dreb
1626224 turnover
1628970 steal
1631103 dreb
1626179 3PT miss
1641733 dreb
1629640 3PT miss
1626179 2PT make
1641733 assist
203926 FT make
203926 FT make
203926 FT miss
1629640 3PT miss
1641877 dreb
1641877 oreb
1626179 3PT miss
1626224 turnover
1628970 2PT make
1641877 assist
1628970 2PT miss
1641877 oreb
1641877 2PT miss
1641705 dreb
1631103 turnover
1630163 steal
1630163 turnover
1641705 2PT make
1626224 assist
1630163 2PT make
202397 assist
1626224 2PT make
1631104 assist
1630163 FT make
1630163 FT make
1626224 foul
1626224 turnover
202397 turnover
1629640 steal
1629640 2PT miss
1626224 oreb
1626224 2PT make
1641877 turnover
1641733 dreb
1626224 steal
1641705 dreb
1641705 foul
1628970 turnover
1641733 2PT miss
1631103 3PT miss
1629640 2PT make
1631104 assist
1629640 3PT miss
1630163 steal
1630170 turnover
1630200 foul
1630163 FT make
1631110 2PT make
1630550 foul
1630163 FT make
1630170 assist
1641733 2PT make
1631110 FT make
1641877 assist
1629640 3PT miss
1641733 dreb
1631121 3PT miss
1629640 dreb
1641877 foul
1630200 FT make
1630200 FT make
1631121 turnover
1631110 steal
1629640 2PT miss
1641877 dreb
1626224 dreb
1630550 3PT miss
1631104 foul
1626224 2PT make
1631110 assist
1630163 FT make
1630572 foul
1630163 FT make
1629603 2PT make
1630163 FT make
1630163 foul
1628984 assist
1630163 FT make
1631104 2PT miss
1641733 dreb
1641877 oreb
1641733 3PT miss
1631121 2PT make
1629603 2PT make
1630577 assist
1641733 2PT make
1630577 2PT miss
202397 assist
202397 dreb
1631121 2PT make
1628984 3PT miss
202397 assist
1630550 dreb
1631121 2PT make
202397 dreb
1630577 3PT miss
1630577 turnover
1641733 2PT make
202397 steal
202397 assist
1641733 turnover
1631104 steal
1631104 2PT make
1631121 turnover
1641778 foul
1641877 foul
1630572 FT miss
1630572 FT make
1641733 oreb
1630547 3PT miss
1631104 dreb
1641778 3PT miss
1630577 2PT make
1630577 dreb
1631104 assist
1641733 2PT miss
1630550 foul
1629603 FT make
1629603 FT make
1630572 block
1631121 2PT miss
1630572 dreb
1630547 block
1630572 2PT miss
1630550 dreb
1641778 2PT make
1628984 foul
1641733 assist
1630577 foul
1631121 2PT make
1641733 assist
1631121 FT make
1631104 dreb
1630547 dreb
1629603 2PT make
1630547 3PT miss
1628984 assist
1630577 3PT miss
1631121 turnover
1628984 2PT make
1630550 turnover
1628984 2PT make
1628984 steal
1628984 2PT make
1641733 2PT make
1629603 assist
1628984 3PT miss
1630572 oreb
0 turnover
1631104 2PT make
1630550 2PT make
0 turnover
1641733 assist
Game 0022300541 has concluded
test statcollector thread set
]]></system-out>
  </testcase>
  <testcase name="testStatProcessor" classname="nbatools.TestPastGames" time="0.001"/>
</testsuite>